#
# There is insufficient memory for the Java Runtime Environment to continue.
# Native memory allocation (mmap) failed to map 247463936 bytes for Failed to commit area from 0x00000000b6400000 to 0x00000000c5000000 of length 247463936.
# Possible reasons:
#   The system is out of physical RAM or swap space
#   The process is running with CompressedOops enabled, and the Java Heap may be blocking the growth of the native heap
# Possible solutions:
#   Reduce memory load on the system
#   Increase physical memory or swap space
#   Check if swap backing store is full
#   Decrease Java heap size (-Xmx/-Xms)
#   Decrease number of Java threads
#   Decrease Java thread stack sizes (-Xss)
#   Set larger code cache with -XX:ReservedCodeCacheSize=
#   JVM is running with Unscaled Compressed Oops mode in which the Java heap is
#     placed in the first 4GB address space. The Java Heap base address is the
#     maximum limit for the native heap growth. Please use -XX:HeapBaseMinAddress
#     to set the Java Heap base and to place the Java Heap above 4GB virtual address.
# This output file may be truncated or incomplete.
#
#  Out of Memory Error (./src/hotspot/os/windows/os_windows.cpp:3303), pid=9156, tid=18780
#
# JRE version: OpenJDK Runtime Environment (11.0.8+10) (build 11.0.8+10-b944.6842174)
# Java VM: OpenJDK 64-Bit Server VM (11.0.8+10-b944.6842174, mixed mode, tiered, compressed oops, g1 gc, windows-amd64)
# No core dump will be written. Minidumps are not enabled by default on client versions of Windows
#

---------------  S U M M A R Y ------------

Command Line: --add-opens=java.base/java.util=ALL-UNNAMED --add-opens=java.base/java.lang=ALL-UNNAMED --add-opens=java.base/java.lang.invoke=ALL-UNNAMED --add-opens=java.prefs/java.util.prefs=ALL-UNNAMED -Xmx1536m -Dfile.encoding=windows-1252 -Duser.country=US -Duser.language=en -Duser.variant org.gradle.launcher.daemon.bootstrap.GradleDaemon 5.4.1

Host: Intel(R) Core(TM) i3-6100U CPU @ 2.30GHz, 4 cores, 7G,  Windows 10 , 64 bit Build 19041 (10.0.19041.1023)
Time: Sun Jul 11 16:54:36 2021 SE Asia Standard Time elapsed time: 245 seconds (0d 0h 4m 5s)

---------------  T H R E A D  ---------------

Current thread (0x00000174c855e800):  VMThread "VM Thread" [stack: 0x000000296c800000,0x000000296c900000] [id=18780]

Stack: [0x000000296c800000,0x000000296c900000]
[error occurred during error reporting (printing stack bounds), id 0xc0000005, EXCEPTION_ACCESS_VIOLATION (0xc0000005) at pc=0x00000174b37b0dad]

Native frames: (J=compiled Java code, j=interpreted, Vv=VM code, C=native code)
V  [jvm.dll+0x5de50a]
V  [jvm.dll+0x7122f5]
V  [jvm.dll+0x71384d]
V  [jvm.dll+0x713e65]
V  [jvm.dll+0x713e1b]
V  [jvm.dll+0x5dd958]
V  [jvm.dll+0x5de0f8]
C  [ntdll.dll+0xa217f]
C  [ntdll.dll+0x51454]
C  [ntdll.dll+0xa0cae]
C  0x00000174b37b0dad

VM_Operation (0x000000296eff9870): G1CollectForAllocation, mode: safepoint, requested by thread 0x00000174cd453000


---------------  P R O C E S S  ---------------

Threads class SMR info:
_java_thread_list=0x00000174cf9df9b0, length=61, elements={
0x00000174ade3a000, 0x00000174c8588800, 0x00000174c8589800, 0x00000174c85a3000,
0x00000174c85a6000, 0x00000174c85a7800, 0x00000174c85ad000, 0x00000174c85b3000,
0x00000174c9056000, 0x00000174c905f800, 0x00000174ca790800, 0x00000174c9096800,
0x00000174ca88c000, 0x00000174ca527800, 0x00000174ca5eb000, 0x00000174cab88800,
0x00000174cac3c800, 0x00000174cac3d000, 0x00000174cac3a000, 0x00000174cfa39000,
0x00000174cfa31800, 0x00000174cfa35000, 0x00000174cfa32800, 0x00000174cfa38000,
0x00000174cfa39800, 0x00000174cfa35800, 0x00000174cfa3d000, 0x00000174cfa3a800,
0x00000174cfa37800, 0x00000174cfa3b800, 0x00000174cfa3e000, 0x00000174cfa3e800,
0x00000174cac39000, 0x00000174cac3a800, 0x00000174cd44f800, 0x00000174cd453000,
0x00000174cd454800, 0x00000174cd454000, 0x00000174cd459800, 0x00000174cd457000,
0x00000174cd45d000, 0x00000174cd45a800, 0x00000174cd458800, 0x00000174cd45d800,
0x00000174cd45b000, 0x00000174cd45e800, 0x00000174cd45c000, 0x00000174cfa34000,
0x00000174cd455800, 0x00000174cd458000, 0x00000174cf2ef800, 0x00000174cf2f1000,
0x00000174cf2f3800, 0x00000174cf2f6000, 0x00000174cf2f0000, 0x00000174cf2f4000,
0x00000174cf2f5000, 0x00000174cf2f6800, 0x00000174cf2f7800, 0x00000174cf2f2800,
0x00000174cf2f8800
}

Java Threads: ( => current thread )
  0x00000174ade3a000 JavaThread "main" [_thread_blocked, id=11788, stack(0x000000296c200000,0x000000296c300000)]
  0x00000174c8588800 JavaThread "Reference Handler" daemon [_thread_blocked, id=16072, stack(0x000000296c900000,0x000000296ca00000)]
  0x00000174c8589800 JavaThread "Finalizer" daemon [_thread_blocked, id=18172, stack(0x000000296ca00000,0x000000296cb00000)]
  0x00000174c85a3000 JavaThread "Signal Dispatcher" daemon [_thread_blocked, id=20452, stack(0x000000296cb00000,0x000000296cc00000)]
  0x00000174c85a6000 JavaThread "Attach Listener" daemon [_thread_blocked, id=17456, stack(0x000000296cc00000,0x000000296cd00000)]
  0x00000174c85a7800 JavaThread "C2 CompilerThread0" daemon [_thread_blocked, id=24108, stack(0x000000296cd00000,0x000000296ce00000)]
  0x00000174c85ad000 JavaThread "C1 CompilerThread0" daemon [_thread_blocked, id=22720, stack(0x000000296ce00000,0x000000296cf00000)]
  0x00000174c85b3000 JavaThread "Sweeper thread" daemon [_thread_blocked, id=19052, stack(0x000000296cf00000,0x000000296d000000)]
  0x00000174c9056000 JavaThread "Common-Cleaner" daemon [_thread_blocked, id=21324, stack(0x000000296d000000,0x000000296d100000)]
  0x00000174c905f800 JavaThread "Service Thread" daemon [_thread_blocked, id=14252, stack(0x000000296d100000,0x000000296d200000)]
  0x00000174ca790800 JavaThread "Daemon health stats" [_thread_blocked, id=4548, stack(0x000000296d600000,0x000000296d700000)]
  0x00000174c9096800 JavaThread "Incoming local TCP Connector on port 57793" [_thread_in_native, id=21148, stack(0x000000296d300000,0x000000296d400000)]
  0x00000174ca88c000 JavaThread "Daemon periodic checks" [_thread_blocked, id=19512, stack(0x000000296d700000,0x000000296d800000)]
  0x00000174ca527800 JavaThread "Daemon" [_thread_blocked, id=23960, stack(0x000000296d800000,0x000000296d900000)]
  0x00000174ca5eb000 JavaThread "Daemon worker" [_thread_blocked, id=22552, stack(0x000000296db00000,0x000000296dc00000)]
  0x00000174cab88800 JavaThread "Cache worker for file hash cache (D:\cuoikiandroid\App-learn-vocabulary-english-android\caches\5.4.1\fileHashes)" [_thread_blocked, id=23496, stack(0x000000296df00000,0x000000296e000000)]
  0x00000174cac3c800 JavaThread "File lock request listener" [_thread_in_native, id=17820, stack(0x000000296e000000,0x000000296e100000)]
  0x00000174cac3d000 JavaThread "Cache worker for journal cache (D:\cuoikiandroid\App-learn-vocabulary-english-android\caches\journal-1)" [_thread_blocked, id=16912, stack(0x000000296e100000,0x000000296e200000)]
  0x00000174cac3a000 JavaThread "Cache worker for execution history cache (D:\cuoikiandroid\App-learn-vocabulary-english-android\caches\5.4.1\executionHistory)" [_thread_blocked, id=11172, stack(0x000000296e700000,0x000000296e800000)]
  0x00000174cfa39000 JavaThread "Memory manager" [_thread_blocked, id=15276, stack(0x000000296c100000,0x000000296c200000)]
  0x00000174cfa31800 JavaThread "Handler for socket connection from /127.0.0.1:57793 to /127.0.0.1:61130" [_thread_in_native, id=5364, stack(0x000000296bf00000,0x000000296c000000)]
  0x00000174cfa35000 JavaThread "Cancel handler" [_thread_blocked, id=18968, stack(0x000000296c000000,0x000000296c100000)]
  0x00000174cfa32800 JavaThread "Asynchronous log dispatcher for DefaultDaemonConnection: socket connection from /127.0.0.1:57793 to /127.0.0.1:61130" [_thread_blocked, id=20796, stack(0x000000296d900000,0x000000296da00000)]
  0x00000174cfa38000 JavaThread "Thread-28" [_thread_blocked, id=17552, stack(0x000000296dc00000,0x000000296dd00000)]
  0x00000174cfa39800 JavaThread "Cache worker for file hash cache (D:\Caculator-dangdinhduykiet\.gradle\5.4.1\fileHashes)" [_thread_blocked, id=4016, stack(0x000000296dd00000,0x000000296de00000)]
  0x00000174cfa35800 JavaThread "Cache worker for cache directory md-supplier (D:\cuoikiandroid\App-learn-vocabulary-english-android\caches\5.4.1\md-supplier)" [_thread_blocked, id=11768, stack(0x000000296e200000,0x000000296e300000)]
  0x00000174cfa3d000 JavaThread "Cache worker for cache directory md-rule (D:\cuoikiandroid\App-learn-vocabulary-english-android\caches\5.4.1\md-rule)" [_thread_blocked, id=22440, stack(0x000000296e400000,0x000000296e500000)]
  0x00000174cfa3a800 JavaThread "Build operations" [_thread_blocked, id=11872, stack(0x000000296e500000,0x000000296e600000)]
  0x00000174cfa37800 JavaThread "Build operations Thread 2" [_thread_blocked, id=22792, stack(0x000000296e600000,0x000000296e700000)]
  0x00000174cfa3b800 JavaThread "Build operations Thread 3" [_thread_blocked, id=9244, stack(0x000000296e800000,0x000000296e900000)]
  0x00000174cfa3e000 JavaThread "Build operations Thread 4" [_thread_blocked, id=12748, stack(0x000000296e900000,0x000000296ea00000)]
  0x00000174cfa3e800 JavaThread "Cache worker for Build Output Cleanup Cache (D:\Caculator-dangdinhduykiet\.gradle\buildOutputCleanup)" [_thread_blocked, id=12480, stack(0x000000296eb00000,0x000000296ec00000)]
  0x00000174cac39000 JavaThread "Cache worker for file content cache (D:\cuoikiandroid\App-learn-vocabulary-english-android\caches\5.4.1\fileContent)" [_thread_blocked, id=19460, stack(0x000000296ec00000,0x000000296ed00000)]
  0x00000174cac3a800 JavaThread "Cache worker for file content cache (D:\Caculator-dangdinhduykiet\.gradle\5.4.1\fileContent)" [_thread_blocked, id=20296, stack(0x000000296ed00000,0x000000296ee00000)]
  0x00000174cd44f800 JavaThread "Execution worker for ':'" [_thread_blocked, id=21828, stack(0x000000296ee00000,0x000000296ef00000)]
  0x00000174cd453000 JavaThread "Execution worker for ':' Thread 2" [_thread_blocked, id=23220, stack(0x000000296ef00000,0x000000296f000000)]
  0x00000174cd454800 JavaThread "Execution worker for ':' Thread 3" [_thread_blocked, id=24244, stack(0x000000296f000000,0x000000296f100000)]
  0x00000174cd454000 JavaThread "Cache worker for execution history cache (D:\Caculator-dangdinhduykiet\.gradle\5.4.1\executionHistory)" [_thread_blocked, id=15824, stack(0x000000296de00000,0x000000296df00000)]
  0x00000174cd459800 JavaThread "Java2D Disposer" daemon [_thread_blocked, id=15572, stack(0x000000296f800000,0x000000296f900000)]
  0x00000174cd457000 JavaThread "pool-5-thread-1" [_thread_blocked, id=8640, stack(0x000000296f900000,0x000000296fa00000)]
  0x00000174cd45d000 JavaThread "stderr" [_thread_in_native, id=13952, stack(0x000000296fa00000,0x000000296fb00000)]
  0x00000174cd45a800 JavaThread "stdout" [_thread_in_native, id=17804, stack(0x000000296fb00000,0x000000296fc00000)]
  0x00000174cd458800 JavaThread "stderr" [_thread_in_native, id=11160, stack(0x000000296fc00000,0x000000296fd00000)]
  0x00000174cd45d800 JavaThread "stdout" [_thread_in_native, id=19060, stack(0x000000296fd00000,0x000000296fe00000)]
  0x00000174cd45b000 JavaThread "stderr" [_thread_in_native, id=23100, stack(0x000000296fe00000,0x000000296ff00000)]
  0x00000174cd45e800 JavaThread "stdout" [_thread_in_native, id=2256, stack(0x000000296ff00000,0x0000002970000000)]
  0x00000174cd45c000 JavaThread "stderr" [_thread_in_native, id=15004, stack(0x0000002970000000,0x0000002970100000)]
  0x00000174cfa34000 JavaThread "stdout" [_thread_in_native, id=19748, stack(0x0000002970100000,0x0000002970200000)]
  0x00000174cd455800 JavaThread "WorkerExecutor Queue Thread 5" [_thread_blocked, id=23176, stack(0x000000296f100000,0x000000296f200000)]
  0x00000174cd458000 JavaThread "RMI Scheduler(0)" daemon [_thread_blocked, id=18768, stack(0x000000296f400000,0x000000296f500000)]
  0x00000174cf2ef800 JavaThread "RMI GC Daemon" daemon [_thread_blocked, id=840, stack(0x0000002970200000,0x0000002970300000)]
  0x00000174cf2f1000 JavaThread "RMI TCP Accept-0" daemon [_thread_in_native, id=2804, stack(0x0000002970300000,0x0000002970400000)]
  0x00000174cf2f3800 JavaThread "RMI Reaper" [_thread_blocked, id=12892, stack(0x0000002970400000,0x0000002970500000)]
  0x00000174cf2f6000 JavaThread "RMI TCP Connection(2)-127.0.0.1" daemon [_thread_in_native, id=19636, stack(0x0000002970500000,0x0000002970600000)]
  0x00000174cf2f0000 JavaThread "WorkerExecutor Queue Thread 6" [_thread_blocked, id=17276, stack(0x000000296f300000,0x000000296f400000)]
  0x00000174cf2f4000 JavaThread "Cache worker for Java compile cache (D:\cuoikiandroid\App-learn-vocabulary-english-android\caches\5.4.1\javaCompile)" [_thread_blocked, id=6072, stack(0x000000296da00000,0x000000296db00000)]
  0x00000174cf2f5000 JavaThread "Cache worker for Java compile cache (D:\Caculator-dangdinhduykiet\.gradle\5.4.1\javaCompile)" [_thread_blocked, id=20540, stack(0x000000296f200000,0x000000296f300000)]
  0x00000174cf2f6800 JavaThread "WorkerExecutor Queue Thread 7" [_thread_blocked, id=21788, stack(0x000000296f500000,0x000000296f600000)]
  0x00000174cf2f7800 JavaThread "ForkJoinPool.commonPool-worker-3" daemon [_thread_blocked, id=13876, stack(0x000000296f600000,0x000000296f700000)]
  0x00000174cf2f2800 JavaThread "ForkJoinPool.commonPool-worker-5" daemon [_thread_blocked, id=24024, stack(0x000000296f700000,0x000000296f800000)]
  0x00000174cf2f8800 JavaThread "ForkJoinPool.commonPool-worker-7" daemon [_thread_blocked, id=13208, stack(0x0000002970600000,0x0000002970700000)]

Other Threads:
=>0x00000174c855e800 VMThread "VM Thread" [stack: 0x000000296c800000,0x000000296c900000] [id=18780]
  0x00000174c9068000 WatcherThread [stack: 0x000000296d200000,0x000000296d300000] [id=22740]
  0x00000174afe43800 GCTaskThread "GC Thread#0" [stack: 0x000000296c300000,0x000000296c400000] [id=19844]
  0x00000174c96d6000 GCTaskThread "GC Thread#1" [stack: 0x000000296d400000,0x000000296d500000] [id=22488]
  0x00000174c96a1800 GCTaskThread "GC Thread#2" [stack: 0x000000296d500000,0x000000296d600000] [id=21820]
  0x00000174ca7a8000 GCTaskThread "GC Thread#3" [stack: 0x000000296e300000,0x000000296e400000] [id=7080]
  0x00000174afe6b000 ConcurrentGCThread "G1 Main Marker" [stack: 0x000000296c400000,0x000000296c500000] [id=19732]
  0x00000174afe6d000 ConcurrentGCThread "G1 Conc#0" [stack: 0x000000296c500000,0x000000296c600000] [id=21772]
  0x00000174afefb000 ConcurrentGCThread "G1 Refine#0" [stack: 0x000000296c600000,0x000000296c700000] [id=10332]
  0x00000174afefc000 ConcurrentGCThread "G1 Young RemSet Sampling" [stack: 0x000000296c700000,0x000000296c800000] [id=6516]

Threads with active compile tasks:
C2 CompilerThread0 245886 24057       4       org.objectweb.asm.Item::isEqualTo (354 bytes)

VM state:at safepoint (normal execution)

VM Mutex/Monitor currently owned by a thread:  ([mutex/lock_event])
[0x00000174afe2c880] Threads_lock - owner thread: 0x00000174c855e800
[0x00000174afe2c490] Heap_lock - owner thread: 0x00000174cd453000

Heap address: 0x00000000a0000000, size: 1536 MB, Compressed Oops mode: 32-bit
Narrow klass base: 0x0000000000000000, Narrow klass shift: 3
Compressed class space size: 1073741824 Address: 0x0000000100000000

Heap:
 garbage-first heap   total 606208K, used 147000K [0x00000000a0000000, 0x0000000100000000)
  region size 1024K, 3 young (3072K), 3 survivors (3072K)
 Metaspace       used 136774K, capacity 140307K, committed 140544K, reserved 1171456K
  class space    used 16316K, capacity 17504K, committed 17664K, reserved 1048576K
Heap Regions: E=young(eden), S=young(survivor), O=old, HS=humongous(starts), HC=humongous(continues), CS=collection set, F=free, A=archive, TAMS=top-at-mark-start (previous, next)
|   0|0x00000000a0000000, 0x00000000a0100000, 0x00000000a0100000|100%| O|  |TAMS 0x00000000a0100000, 0x00000000a0000000| Untracked 
|   1|0x00000000a0100000, 0x00000000a0200000, 0x00000000a0200000|100%| O|  |TAMS 0x00000000a0200000, 0x00000000a0100000| Untracked 
|   2|0x00000000a0200000, 0x00000000a0300000, 0x00000000a0300000|100%|HS|  |TAMS 0x00000000a0300000, 0x00000000a0200000| Complete 
|   3|0x00000000a0300000, 0x00000000a0400000, 0x00000000a0400000|100%|HS|  |TAMS 0x00000000a0400000, 0x00000000a0300000| Complete 
|   4|0x00000000a0400000, 0x00000000a0500000, 0x00000000a0500000|100%|HC|  |TAMS 0x00000000a0500000, 0x00000000a0400000| Complete 
|   5|0x00000000a0500000, 0x00000000a0600000, 0x00000000a0600000|100%| O|  |TAMS 0x00000000a0600000, 0x00000000a0500000| Untracked 
|   6|0x00000000a0600000, 0x00000000a0700000, 0x00000000a0700000|100%| O|  |TAMS 0x00000000a0700000, 0x00000000a0600000| Untracked 
|   7|0x00000000a0700000, 0x00000000a0800000, 0x00000000a0800000|100%| O|  |TAMS 0x00000000a0800000, 0x00000000a0700000| Untracked 
|   8|0x00000000a0800000, 0x00000000a0900000, 0x00000000a0900000|100%| O|  |TAMS 0x00000000a0900000, 0x00000000a0800000| Untracked 
|   9|0x00000000a0900000, 0x00000000a0a00000, 0x00000000a0a00000|100%| O|  |TAMS 0x00000000a0a00000, 0x00000000a0900000| Untracked 
|  10|0x00000000a0a00000, 0x00000000a0b00000, 0x00000000a0b00000|100%| O|  |TAMS 0x00000000a0b00000, 0x00000000a0a00000| Untracked 
|  11|0x00000000a0b00000, 0x00000000a0c00000, 0x00000000a0c00000|100%| O|  |TAMS 0x00000000a0c00000, 0x00000000a0b00000| Untracked 
|  12|0x00000000a0c00000, 0x00000000a0d00000, 0x00000000a0d00000|100%| O|  |TAMS 0x00000000a0d00000, 0x00000000a0c00000| Untracked 
|  13|0x00000000a0d00000, 0x00000000a0e00000, 0x00000000a0e00000|100%|HS|  |TAMS 0x00000000a0e00000, 0x00000000a0d00000| Complete 
|  14|0x00000000a0e00000, 0x00000000a0f00000, 0x00000000a0f00000|100%|HC|  |TAMS 0x00000000a0f00000, 0x00000000a0e00000| Complete 
|  15|0x00000000a0f00000, 0x00000000a1000000, 0x00000000a1000000|100%|HS|  |TAMS 0x00000000a1000000, 0x00000000a0f00000| Complete 
|  16|0x00000000a1000000, 0x00000000a1100000, 0x00000000a1100000|100%|HC|  |TAMS 0x00000000a1100000, 0x00000000a1000000| Complete 
|  17|0x00000000a1100000, 0x00000000a1200000, 0x00000000a1200000|100%|HC|  |TAMS 0x00000000a1200000, 0x00000000a1100000| Complete 
|  18|0x00000000a1200000, 0x00000000a1300000, 0x00000000a1300000|100%|HS|  |TAMS 0x00000000a1300000, 0x00000000a1200000| Complete 
|  19|0x00000000a1300000, 0x00000000a1400000, 0x00000000a1400000|100%|HC|  |TAMS 0x00000000a1400000, 0x00000000a1300000| Complete 
|  20|0x00000000a1400000, 0x00000000a1500000, 0x00000000a1500000|100%|HC|  |TAMS 0x00000000a1500000, 0x00000000a1400000| Complete 
|  21|0x00000000a1500000, 0x00000000a1600000, 0x00000000a1600000|100%|HC|  |TAMS 0x00000000a1600000, 0x00000000a1500000| Complete 
|  22|0x00000000a1600000, 0x00000000a1700000, 0x00000000a1700000|100%| O|  |TAMS 0x00000000a1700000, 0x00000000a1600000| Untracked 
|  23|0x00000000a1700000, 0x00000000a1800000, 0x00000000a1800000|100%| O|  |TAMS 0x00000000a1800000, 0x00000000a1700000| Untracked 
|  24|0x00000000a1800000, 0x00000000a1900000, 0x00000000a1900000|100%| O|  |TAMS 0x00000000a1900000, 0x00000000a1800000| Untracked 
|  25|0x00000000a1900000, 0x00000000a1a00000, 0x00000000a1a00000|100%| O|  |TAMS 0x00000000a1a00000, 0x00000000a1900000| Untracked 
|  26|0x00000000a1a00000, 0x00000000a1b00000, 0x00000000a1b00000|100%| O|  |TAMS 0x00000000a1b00000, 0x00000000a1a00000| Untracked 
|  27|0x00000000a1b00000, 0x00000000a1c00000, 0x00000000a1c00000|100%| O|  |TAMS 0x00000000a1c00000, 0x00000000a1b00000| Untracked 
|  28|0x00000000a1c00000, 0x00000000a1d00000, 0x00000000a1d00000|100%| O|  |TAMS 0x00000000a1d00000, 0x00000000a1c00000| Untracked 
|  29|0x00000000a1d00000, 0x00000000a1e00000, 0x00000000a1e00000|100%| O|  |TAMS 0x00000000a1e00000, 0x00000000a1d00000| Untracked 
|  30|0x00000000a1e00000, 0x00000000a1f00000, 0x00000000a1f00000|100%| O|  |TAMS 0x00000000a1f00000, 0x00000000a1e00000| Untracked 
|  31|0x00000000a1f00000, 0x00000000a2000000, 0x00000000a2000000|100%| O|  |TAMS 0x00000000a2000000, 0x00000000a1f00000| Untracked 
|  32|0x00000000a2000000, 0x00000000a2100000, 0x00000000a2100000|100%| O|  |TAMS 0x00000000a2100000, 0x00000000a2000000| Untracked 
|  33|0x00000000a2100000, 0x00000000a2200000, 0x00000000a2200000|100%| O|  |TAMS 0x00000000a2200000, 0x00000000a2100000| Untracked 
|  34|0x00000000a2200000, 0x00000000a2300000, 0x00000000a2300000|100%| O|  |TAMS 0x00000000a2300000, 0x00000000a2200000| Untracked 
|  35|0x00000000a2300000, 0x00000000a2400000, 0x00000000a2400000|100%| O|  |TAMS 0x00000000a2400000, 0x00000000a2300000| Untracked 
|  36|0x00000000a2400000, 0x00000000a2500000, 0x00000000a2500000|100%| O|  |TAMS 0x00000000a2500000, 0x00000000a2400000| Untracked 
|  37|0x00000000a2500000, 0x00000000a2600000, 0x00000000a2600000|100%| O|  |TAMS 0x00000000a2600000, 0x00000000a2500000| Untracked 
|  38|0x00000000a2600000, 0x00000000a2700000, 0x00000000a2700000|100%| O|  |TAMS 0x00000000a2700000, 0x00000000a2600000| Untracked 
|  39|0x00000000a2700000, 0x00000000a2800000, 0x00000000a2800000|100%| O|  |TAMS 0x00000000a2800000, 0x00000000a2700000| Untracked 
|  40|0x00000000a2800000, 0x00000000a2900000, 0x00000000a2900000|100%| O|  |TAMS 0x00000000a2900000, 0x00000000a2800000| Untracked 
|  41|0x00000000a2900000, 0x00000000a2a00000, 0x00000000a2a00000|100%|HS|  |TAMS 0x00000000a2a00000, 0x00000000a2900000| Complete 
|  42|0x00000000a2a00000, 0x00000000a2b00000, 0x00000000a2b00000|100%|HC|  |TAMS 0x00000000a2b00000, 0x00000000a2a00000| Complete 
|  43|0x00000000a2b00000, 0x00000000a2c00000, 0x00000000a2c00000|100%|HC|  |TAMS 0x00000000a2c00000, 0x00000000a2b00000| Complete 
|  44|0x00000000a2c00000, 0x00000000a2d00000, 0x00000000a2d00000|100%|HS|  |TAMS 0x00000000a2d00000, 0x00000000a2c00000| Complete 
|  45|0x00000000a2d00000, 0x00000000a2e00000, 0x00000000a2e00000|100%|HC|  |TAMS 0x00000000a2e00000, 0x00000000a2d00000| Complete 
|  46|0x00000000a2e00000, 0x00000000a2f00000, 0x00000000a2f00000|100%| O|  |TAMS 0x00000000a2f00000, 0x00000000a2e00000| Untracked 
|  47|0x00000000a2f00000, 0x00000000a3000000, 0x00000000a3000000|100%| O|  |TAMS 0x00000000a3000000, 0x00000000a2f00000| Untracked 
|  48|0x00000000a3000000, 0x00000000a3100000, 0x00000000a3100000|100%| O|  |TAMS 0x00000000a3100000, 0x00000000a3000000| Untracked 
|  49|0x00000000a3100000, 0x00000000a3200000, 0x00000000a3200000|100%| O|  |TAMS 0x00000000a3100000, 0x00000000a3100000| Untracked 
|  50|0x00000000a3200000, 0x00000000a3300000, 0x00000000a3300000|100%| O|  |TAMS 0x00000000a3300000, 0x00000000a3200000| Untracked 
|  51|0x00000000a3300000, 0x00000000a3400000, 0x00000000a3400000|100%| O|  |TAMS 0x00000000a3400000, 0x00000000a3300000| Untracked 
|  52|0x00000000a3400000, 0x00000000a3500000, 0x00000000a3500000|100%| O|  |TAMS 0x00000000a3500000, 0x00000000a3400000| Untracked 
|  53|0x00000000a3500000, 0x00000000a3600000, 0x00000000a3600000|100%| O|  |TAMS 0x00000000a3600000, 0x00000000a3500000| Untracked 
|  54|0x00000000a3600000, 0x00000000a3700000, 0x00000000a3700000|100%| O|  |TAMS 0x00000000a3700000, 0x00000000a3600000| Untracked 
|  55|0x00000000a3700000, 0x00000000a3800000, 0x00000000a3800000|100%| O|  |TAMS 0x00000000a3800000, 0x00000000a3700000| Untracked 
|  56|0x00000000a3800000, 0x00000000a3900000, 0x00000000a3900000|100%| O|  |TAMS 0x00000000a3900000, 0x00000000a3800000| Untracked 
|  57|0x00000000a3900000, 0x00000000a3a00000, 0x00000000a3a00000|100%| O|  |TAMS 0x00000000a3a00000, 0x00000000a3900000| Untracked 
|  58|0x00000000a3a00000, 0x00000000a3b00000, 0x00000000a3b00000|100%| O|  |TAMS 0x00000000a3b00000, 0x00000000a3a00000| Untracked 
|  59|0x00000000a3b00000, 0x00000000a3c00000, 0x00000000a3c00000|100%| O|  |TAMS 0x00000000a3c00000, 0x00000000a3b00000| Untracked 
|  60|0x00000000a3c00000, 0x00000000a3d00000, 0x00000000a3d00000|100%| O|  |TAMS 0x00000000a3d00000, 0x00000000a3c00000| Untracked 
|  61|0x00000000a3d00000, 0x00000000a3e00000, 0x00000000a3e00000|100%| O|  |TAMS 0x00000000a3e00000, 0x00000000a3d00000| Untracked 
|  62|0x00000000a3e00000, 0x00000000a3f00000, 0x00000000a3f00000|100%| O|  |TAMS 0x00000000a3f00000, 0x00000000a3e00000| Untracked 
|  63|0x00000000a3f00000, 0x00000000a4000000, 0x00000000a4000000|100%| O|  |TAMS 0x00000000a4000000, 0x00000000a3f00000| Untracked 
|  64|0x00000000a4000000, 0x00000000a4100000, 0x00000000a4100000|100%| O|  |TAMS 0x00000000a4100000, 0x00000000a4000000| Untracked 
|  65|0x00000000a4100000, 0x00000000a4200000, 0x00000000a4200000|100%| O|  |TAMS 0x00000000a4200000, 0x00000000a4100000| Untracked 
|  66|0x00000000a4200000, 0x00000000a4300000, 0x00000000a4300000|100%| O|  |TAMS 0x00000000a4300000, 0x00000000a4200000| Untracked 
|  67|0x00000000a4300000, 0x00000000a4400000, 0x00000000a4400000|100%| O|  |TAMS 0x00000000a4400000, 0x00000000a4300000| Untracked 
|  68|0x00000000a4400000, 0x00000000a4500000, 0x00000000a4500000|100%| O|  |TAMS 0x00000000a4500000, 0x00000000a4400000| Untracked 
|  69|0x00000000a4500000, 0x00000000a4600000, 0x00000000a4600000|100%| O|  |TAMS 0x00000000a4600000, 0x00000000a4500000| Untracked 
|  70|0x00000000a4600000, 0x00000000a4700000, 0x00000000a4700000|100%| O|  |TAMS 0x00000000a4700000, 0x00000000a4600000| Untracked 
|  71|0x00000000a4700000, 0x00000000a4800000, 0x00000000a4800000|100%| O|  |TAMS 0x00000000a4800000, 0x00000000a4700000| Untracked 
|  72|0x00000000a4800000, 0x00000000a4900000, 0x00000000a4900000|100%| O|  |TAMS 0x00000000a4900000, 0x00000000a4800000| Untracked 
|  73|0x00000000a4900000, 0x00000000a4a00000, 0x00000000a4a00000|100%| O|  |TAMS 0x00000000a4a00000, 0x00000000a4900000| Untracked 
|  74|0x00000000a4a00000, 0x00000000a4b00000, 0x00000000a4b00000|100%| O|  |TAMS 0x00000000a4b00000, 0x00000000a4a00000| Untracked 
|  75|0x00000000a4b00000, 0x00000000a4b00000, 0x00000000a4c00000|  0%| F|  |TAMS 0x00000000a4b00000, 0x00000000a4b00000| Untracked 
|  76|0x00000000a4c00000, 0x00000000a4d00000, 0x00000000a4d00000|100%| O|  |TAMS 0x00000000a4d00000, 0x00000000a4c00000| Untracked 
|  77|0x00000000a4d00000, 0x00000000a4e00000, 0x00000000a4e00000|100%| O|  |TAMS 0x00000000a4e00000, 0x00000000a4d00000| Untracked 
|  78|0x00000000a4e00000, 0x00000000a4f00000, 0x00000000a4f00000|100%| O|  |TAMS 0x00000000a4f00000, 0x00000000a4e00000| Untracked 
|  79|0x00000000a4f00000, 0x00000000a5000000, 0x00000000a5000000|100%| O|  |TAMS 0x00000000a5000000, 0x00000000a4f00000| Untracked 
|  80|0x00000000a5000000, 0x00000000a5100000, 0x00000000a5100000|100%| O|  |TAMS 0x00000000a5100000, 0x00000000a5000000| Untracked 
|  81|0x00000000a5100000, 0x00000000a5200000, 0x00000000a5200000|100%| O|  |TAMS 0x00000000a5200000, 0x00000000a5100000| Untracked 
|  82|0x00000000a5200000, 0x00000000a5300000, 0x00000000a5300000|100%| O|  |TAMS 0x00000000a5300000, 0x00000000a5200000| Untracked 
|  83|0x00000000a5300000, 0x00000000a5400000, 0x00000000a5400000|100%| O|  |TAMS 0x00000000a5400000, 0x00000000a5300000| Untracked 
|  84|0x00000000a5400000, 0x00000000a5500000, 0x00000000a5500000|100%| O|  |TAMS 0x00000000a5500000, 0x00000000a5400000| Untracked 
|  85|0x00000000a5500000, 0x00000000a5600000, 0x00000000a5600000|100%| O|  |TAMS 0x00000000a5600000, 0x00000000a5500000| Untracked 
|  86|0x00000000a5600000, 0x00000000a5700000, 0x00000000a5700000|100%| O|  |TAMS 0x00000000a5700000, 0x00000000a5600000| Untracked 
|  87|0x00000000a5700000, 0x00000000a5800000, 0x00000000a5800000|100%| O|  |TAMS 0x00000000a5800000, 0x00000000a5700000| Untracked 
|  88|0x00000000a5800000, 0x00000000a5900000, 0x00000000a5900000|100%| O|  |TAMS 0x00000000a5900000, 0x00000000a5800000| Untracked 
|  89|0x00000000a5900000, 0x00000000a5a00000, 0x00000000a5a00000|100%| O|  |TAMS 0x00000000a5a00000, 0x00000000a5900000| Untracked 
|  90|0x00000000a5a00000, 0x00000000a5b00000, 0x00000000a5b00000|100%| O|  |TAMS 0x00000000a5b00000, 0x00000000a5a00000| Untracked 
|  91|0x00000000a5b00000, 0x00000000a5c00000, 0x00000000a5c00000|100%| O|  |TAMS 0x00000000a5c00000, 0x00000000a5b00000| Untracked 
|  92|0x00000000a5c00000, 0x00000000a5d00000, 0x00000000a5d00000|100%| O|  |TAMS 0x00000000a5d00000, 0x00000000a5c00000| Untracked 
|  93|0x00000000a5d00000, 0x00000000a5e00000, 0x00000000a5e00000|100%| O|  |TAMS 0x00000000a5e00000, 0x00000000a5d00000| Untracked 
|  94|0x00000000a5e00000, 0x00000000a5f00000, 0x00000000a5f00000|100%| O|  |TAMS 0x00000000a5f00000, 0x00000000a5e00000| Untracked 
|  95|0x00000000a5f00000, 0x00000000a6000000, 0x00000000a6000000|100%| O|  |TAMS 0x00000000a6000000, 0x00000000a5f00000| Untracked 
|  96|0x00000000a6000000, 0x00000000a6100000, 0x00000000a6100000|100%| O|  |TAMS 0x00000000a6100000, 0x00000000a6000000| Untracked 
|  97|0x00000000a6100000, 0x00000000a6200000, 0x00000000a6200000|100%| O|  |TAMS 0x00000000a6200000, 0x00000000a6100000| Untracked 
|  98|0x00000000a6200000, 0x00000000a6300000, 0x00000000a6300000|100%| O|  |TAMS 0x00000000a6300000, 0x00000000a6200000| Untracked 
|  99|0x00000000a6300000, 0x00000000a6400000, 0x00000000a6400000|100%| O|  |TAMS 0x00000000a6300000, 0x00000000a6300000| Untracked 
| 100|0x00000000a6400000, 0x00000000a6500000, 0x00000000a6500000|100%| O|  |TAMS 0x00000000a6400000, 0x00000000a6400000| Untracked 
| 101|0x00000000a6500000, 0x00000000a6500000, 0x00000000a6600000|  0%| F|  |TAMS 0x00000000a6500000, 0x00000000a6500000| Untracked 
| 102|0x00000000a6600000, 0x00000000a6700000, 0x00000000a6700000|100%| O|  |TAMS 0x00000000a6700000, 0x00000000a6600000| Untracked 
| 103|0x00000000a6700000, 0x00000000a6800000, 0x00000000a6800000|100%| O|  |TAMS 0x00000000a6800000, 0x00000000a6700000| Untracked 
| 104|0x00000000a6800000, 0x00000000a6800000, 0x00000000a6900000|  0%| F|  |TAMS 0x00000000a6800000, 0x00000000a6800000| Untracked 
| 105|0x00000000a6900000, 0x00000000a6a00000, 0x00000000a6a00000|100%| O|  |TAMS 0x00000000a6a00000, 0x00000000a6900000| Untracked 
| 106|0x00000000a6a00000, 0x00000000a6b00000, 0x00000000a6b00000|100%| O|  |TAMS 0x00000000a6b00000, 0x00000000a6a00000| Untracked 
| 107|0x00000000a6b00000, 0x00000000a6c00000, 0x00000000a6c00000|100%| O|  |TAMS 0x00000000a6c00000, 0x00000000a6b00000| Untracked 
| 108|0x00000000a6c00000, 0x00000000a6d00000, 0x00000000a6d00000|100%| O|  |TAMS 0x00000000a6d00000, 0x00000000a6c00000| Untracked 
| 109|0x00000000a6d00000, 0x00000000a6e00000, 0x00000000a6e00000|100%| O|  |TAMS 0x00000000a6e00000, 0x00000000a6d00000| Untracked 
| 110|0x00000000a6e00000, 0x00000000a6f00000, 0x00000000a6f00000|100%| O|  |TAMS 0x00000000a6f00000, 0x00000000a6e00000| Untracked 
| 111|0x00000000a6f00000, 0x00000000a7000000, 0x00000000a7000000|100%| O|  |TAMS 0x00000000a6f00000, 0x00000000a6f00000| Untracked 
| 112|0x00000000a7000000, 0x00000000a7100000, 0x00000000a7100000|100%| O|  |TAMS 0x00000000a7100000, 0x00000000a7000000| Untracked 
| 113|0x00000000a7100000, 0x00000000a7200000, 0x00000000a7200000|100%| O|  |TAMS 0x00000000a7200000, 0x00000000a7100000| Untracked 
| 114|0x00000000a7200000, 0x00000000a7300000, 0x00000000a7300000|100%| O|  |TAMS 0x00000000a7300000, 0x00000000a7200000| Untracked 
| 115|0x00000000a7300000, 0x00000000a7400000, 0x00000000a7400000|100%| O|  |TAMS 0x00000000a7400000, 0x00000000a7300000| Untracked 
| 116|0x00000000a7400000, 0x00000000a7500000, 0x00000000a7500000|100%| O|  |TAMS 0x00000000a7500000, 0x00000000a7400000| Untracked 
| 117|0x00000000a7500000, 0x00000000a7600000, 0x00000000a7600000|100%|HS|  |TAMS 0x00000000a7600000, 0x00000000a7500000| Complete 
| 118|0x00000000a7600000, 0x00000000a7700000, 0x00000000a7700000|100%|HC|  |TAMS 0x00000000a7700000, 0x00000000a7600000| Complete 
| 119|0x00000000a7700000, 0x00000000a7800000, 0x00000000a7800000|100%| O|  |TAMS 0x00000000a7800000, 0x00000000a7700000| Untracked 
| 120|0x00000000a7800000, 0x00000000a7900000, 0x00000000a7900000|100%| O|  |TAMS 0x00000000a7900000, 0x00000000a7800000| Untracked 
| 121|0x00000000a7900000, 0x00000000a7a00000, 0x00000000a7a00000|100%| O|  |TAMS 0x00000000a7a00000, 0x00000000a7900000| Untracked 
| 122|0x00000000a7a00000, 0x00000000a7b00000, 0x00000000a7b00000|100%| O|  |TAMS 0x00000000a7b00000, 0x00000000a7a00000| Untracked 
| 123|0x00000000a7b00000, 0x00000000a7c00000, 0x00000000a7c00000|100%| O|  |TAMS 0x00000000a7c00000, 0x00000000a7b00000| Untracked 
| 124|0x00000000a7c00000, 0x00000000a7d00000, 0x00000000a7d00000|100%| O|  |TAMS 0x00000000a7d00000, 0x00000000a7c00000| Untracked 
| 125|0x00000000a7d00000, 0x00000000a7e00000, 0x00000000a7e00000|100%| O|  |TAMS 0x00000000a7e00000, 0x00000000a7d00000| Untracked 
| 126|0x00000000a7e00000, 0x00000000a7f00000, 0x00000000a7f00000|100%| O|  |TAMS 0x00000000a7f00000, 0x00000000a7e00000| Untracked 
| 127|0x00000000a7f00000, 0x00000000a8000000, 0x00000000a8000000|100%| O|  |TAMS 0x00000000a8000000, 0x00000000a7f00000| Untracked 
| 128|0x00000000a8000000, 0x00000000a8100000, 0x00000000a8100000|100%| O|  |TAMS 0x00000000a8100000, 0x00000000a8000000| Untracked 
| 129|0x00000000a8100000, 0x00000000a8200000, 0x00000000a8200000|100%| O|  |TAMS 0x00000000a8200000, 0x00000000a8100000| Untracked 
| 130|0x00000000a8200000, 0x00000000a8300000, 0x00000000a8300000|100%| O|  |TAMS 0x00000000a8300000, 0x00000000a8200000| Untracked 
| 131|0x00000000a8300000, 0x00000000a8400000, 0x00000000a8400000|100%| O|  |TAMS 0x00000000a8400000, 0x00000000a8300000| Untracked 
| 132|0x00000000a8400000, 0x00000000a8500000, 0x00000000a8500000|100%| O|  |TAMS 0x00000000a8500000, 0x00000000a8400000| Untracked 
| 133|0x00000000a8500000, 0x00000000a8600000, 0x00000000a8600000|100%| O|  |TAMS 0x00000000a853ee00, 0x00000000a8500000| Untracked 
| 134|0x00000000a8600000, 0x00000000a8700000, 0x00000000a8700000|100%| O|  |TAMS 0x00000000a8600000, 0x00000000a8600000| Untracked 
| 135|0x00000000a8700000, 0x00000000a8800000, 0x00000000a8800000|100%| O|  |TAMS 0x00000000a8700000, 0x00000000a8700000| Untracked 
| 136|0x00000000a8800000, 0x00000000a8900000, 0x00000000a8900000|100%| O|  |TAMS 0x00000000a8800000, 0x00000000a8800000| Untracked 
| 137|0x00000000a8900000, 0x00000000a8a00000, 0x00000000a8a00000|100%| O|  |TAMS 0x00000000a8900000, 0x00000000a8900000| Untracked 
| 138|0x00000000a8a00000, 0x00000000a8b00000, 0x00000000a8b00000|100%| O|  |TAMS 0x00000000a8a00000, 0x00000000a8a00000| Untracked 
| 139|0x00000000a8b00000, 0x00000000a8c00000, 0x00000000a8c00000|100%| O|  |TAMS 0x00000000a8b00000, 0x00000000a8b00000| Untracked 
| 140|0x00000000a8c00000, 0x00000000a8d00000, 0x00000000a8d00000|100%| O|  |TAMS 0x00000000a8c00000, 0x00000000a8c00000| Untracked 
| 141|0x00000000a8d00000, 0x00000000a8e00000, 0x00000000a8e00000|100%| O|  |TAMS 0x00000000a8d00000, 0x00000000a8d00000| Untracked 
| 142|0x00000000a8e00000, 0x00000000a8f00000, 0x00000000a8f00000|100%| O|  |TAMS 0x00000000a8e00000, 0x00000000a8e00000| Untracked 
| 143|0x00000000a8f00000, 0x00000000a8fb6800, 0x00000000a9000000| 71%| O|  |TAMS 0x00000000a8f00000, 0x00000000a8f00000| Untracked 
| 144|0x00000000a9000000, 0x00000000a9000000, 0x00000000a9100000|  0%| F|  |TAMS 0x00000000a9000000, 0x00000000a9000000| Untracked 
| 145|0x00000000a9100000, 0x00000000a9100000, 0x00000000a9200000|  0%| F|  |TAMS 0x00000000a9100000, 0x00000000a9100000| Untracked 
| 146|0x00000000a9200000, 0x00000000a9200000, 0x00000000a9300000|  0%| F|  |TAMS 0x00000000a9200000, 0x00000000a9200000| Untracked 
| 147|0x00000000a9300000, 0x00000000a9300000, 0x00000000a9400000|  0%| F|  |TAMS 0x00000000a9300000, 0x00000000a9300000| Untracked 
| 148|0x00000000a9400000, 0x00000000a9400000, 0x00000000a9500000|  0%| F|  |TAMS 0x00000000a9400000, 0x00000000a9400000| Untracked 
| 149|0x00000000a9500000, 0x00000000a9500000, 0x00000000a9600000|  0%| F|  |TAMS 0x00000000a9500000, 0x00000000a9500000| Untracked 
| 150|0x00000000a9600000, 0x00000000a9600000, 0x00000000a9700000|  0%| F|  |TAMS 0x00000000a9600000, 0x00000000a9600000| Untracked 
| 151|0x00000000a9700000, 0x00000000a9700000, 0x00000000a9800000|  0%| F|  |TAMS 0x00000000a9700000, 0x00000000a9700000| Untracked 
| 152|0x00000000a9800000, 0x00000000a9800000, 0x00000000a9900000|  0%| F|  |TAMS 0x00000000a9800000, 0x00000000a9800000| Untracked 
| 153|0x00000000a9900000, 0x00000000a9900000, 0x00000000a9a00000|  0%| F|  |TAMS 0x00000000a9900000, 0x00000000a9900000| Untracked 
| 154|0x00000000a9a00000, 0x00000000a9a00000, 0x00000000a9b00000|  0%| F|  |TAMS 0x00000000a9a00000, 0x00000000a9a00000| Untracked 
| 155|0x00000000a9b00000, 0x00000000a9b00000, 0x00000000a9c00000|  0%| F|  |TAMS 0x00000000a9b00000, 0x00000000a9b00000| Untracked 
| 156|0x00000000a9c00000, 0x00000000a9c00000, 0x00000000a9d00000|  0%| F|  |TAMS 0x00000000a9c00000, 0x00000000a9c00000| Untracked 
| 157|0x00000000a9d00000, 0x00000000a9d00000, 0x00000000a9e00000|  0%| F|  |TAMS 0x00000000a9d00000, 0x00000000a9d00000| Untracked 
| 158|0x00000000a9e00000, 0x00000000a9e00000, 0x00000000a9f00000|  0%| F|  |TAMS 0x00000000a9e00000, 0x00000000a9e00000| Untracked 
| 159|0x00000000a9f00000, 0x00000000a9f00000, 0x00000000aa000000|  0%| F|  |TAMS 0x00000000a9f00000, 0x00000000a9f00000| Untracked 
| 160|0x00000000aa000000, 0x00000000aa000000, 0x00000000aa100000|  0%| F|  |TAMS 0x00000000aa000000, 0x00000000aa000000| Untracked 
| 161|0x00000000aa100000, 0x00000000aa100000, 0x00000000aa200000|  0%| F|  |TAMS 0x00000000aa100000, 0x00000000aa100000| Untracked 
| 162|0x00000000aa200000, 0x00000000aa200000, 0x00000000aa300000|  0%| F|  |TAMS 0x00000000aa200000, 0x00000000aa200000| Untracked 
| 163|0x00000000aa300000, 0x00000000aa300000, 0x00000000aa400000|  0%| F|  |TAMS 0x00000000aa300000, 0x00000000aa300000| Untracked 
| 164|0x00000000aa400000, 0x00000000aa400000, 0x00000000aa500000|  0%| F|  |TAMS 0x00000000aa400000, 0x00000000aa400000| Untracked 
| 165|0x00000000aa500000, 0x00000000aa500000, 0x00000000aa600000|  0%| F|  |TAMS 0x00000000aa500000, 0x00000000aa500000| Untracked 
| 166|0x00000000aa600000, 0x00000000aa600000, 0x00000000aa700000|  0%| F|  |TAMS 0x00000000aa600000, 0x00000000aa600000| Untracked 
| 167|0x00000000aa700000, 0x00000000aa700000, 0x00000000aa800000|  0%| F|  |TAMS 0x00000000aa700000, 0x00000000aa700000| Untracked 
| 168|0x00000000aa800000, 0x00000000aa800000, 0x00000000aa900000|  0%| F|  |TAMS 0x00000000aa800000, 0x00000000aa800000| Untracked 
| 169|0x00000000aa900000, 0x00000000aa900000, 0x00000000aaa00000|  0%| F|  |TAMS 0x00000000aa900000, 0x00000000aa900000| Untracked 
| 170|0x00000000aaa00000, 0x00000000aaa00000, 0x00000000aab00000|  0%| F|  |TAMS 0x00000000aaa00000, 0x00000000aaa00000| Untracked 
| 171|0x00000000aab00000, 0x00000000aab00000, 0x00000000aac00000|  0%| F|  |TAMS 0x00000000aab00000, 0x00000000aab00000| Untracked 
| 172|0x00000000aac00000, 0x00000000aac00000, 0x00000000aad00000|  0%| F|  |TAMS 0x00000000aac00000, 0x00000000aac00000| Untracked 
| 173|0x00000000aad00000, 0x00000000aad00000, 0x00000000aae00000|  0%| F|  |TAMS 0x00000000aad00000, 0x00000000aad00000| Untracked 
| 174|0x00000000aae00000, 0x00000000aae00000, 0x00000000aaf00000|  0%| F|  |TAMS 0x00000000aae00000, 0x00000000aae00000| Untracked 
| 175|0x00000000aaf00000, 0x00000000aaf00000, 0x00000000ab000000|  0%| F|  |TAMS 0x00000000aaf00000, 0x00000000aaf00000| Untracked 
| 176|0x00000000ab000000, 0x00000000ab000000, 0x00000000ab100000|  0%| F|  |TAMS 0x00000000ab000000, 0x00000000ab000000| Untracked 
| 177|0x00000000ab100000, 0x00000000ab100000, 0x00000000ab200000|  0%| F|  |TAMS 0x00000000ab100000, 0x00000000ab100000| Untracked 
| 178|0x00000000ab200000, 0x00000000ab200000, 0x00000000ab300000|  0%| F|  |TAMS 0x00000000ab200000, 0x00000000ab200000| Untracked 
| 179|0x00000000ab300000, 0x00000000ab300000, 0x00000000ab400000|  0%| F|  |TAMS 0x00000000ab300000, 0x00000000ab300000| Untracked 
| 180|0x00000000ab400000, 0x00000000ab400000, 0x00000000ab500000|  0%| F|  |TAMS 0x00000000ab400000, 0x00000000ab400000| Untracked 
| 181|0x00000000ab500000, 0x00000000ab500000, 0x00000000ab600000|  0%| F|  |TAMS 0x00000000ab500000, 0x00000000ab500000| Untracked 
| 182|0x00000000ab600000, 0x00000000ab600000, 0x00000000ab700000|  0%| F|  |TAMS 0x00000000ab600000, 0x00000000ab600000| Untracked 
| 183|0x00000000ab700000, 0x00000000ab700000, 0x00000000ab800000|  0%| F|  |TAMS 0x00000000ab700000, 0x00000000ab700000| Untracked 
| 184|0x00000000ab800000, 0x00000000ab800000, 0x00000000ab900000|  0%| F|  |TAMS 0x00000000ab800000, 0x00000000ab800000| Untracked 
| 185|0x00000000ab900000, 0x00000000ab900000, 0x00000000aba00000|  0%| F|  |TAMS 0x00000000ab900000, 0x00000000ab900000| Untracked 
| 186|0x00000000aba00000, 0x00000000aba00000, 0x00000000abb00000|  0%| F|  |TAMS 0x00000000aba00000, 0x00000000aba00000| Untracked 
| 187|0x00000000abb00000, 0x00000000abb00000, 0x00000000abc00000|  0%| F|  |TAMS 0x00000000abb00000, 0x00000000abb00000| Untracked 
| 188|0x00000000abc00000, 0x00000000abc00000, 0x00000000abd00000|  0%| F|  |TAMS 0x00000000abc00000, 0x00000000abc00000| Untracked 
| 189|0x00000000abd00000, 0x00000000abd00000, 0x00000000abe00000|  0%| F|  |TAMS 0x00000000abd00000, 0x00000000abd00000| Untracked 
| 190|0x00000000abe00000, 0x00000000abe00000, 0x00000000abf00000|  0%| F|  |TAMS 0x00000000abe00000, 0x00000000abe00000| Untracked 
| 191|0x00000000abf00000, 0x00000000abf00000, 0x00000000ac000000|  0%| F|  |TAMS 0x00000000abf00000, 0x00000000abf00000| Untracked 
| 192|0x00000000ac000000, 0x00000000ac000000, 0x00000000ac100000|  0%| F|  |TAMS 0x00000000ac000000, 0x00000000ac000000| Untracked 
| 193|0x00000000ac100000, 0x00000000ac100000, 0x00000000ac200000|  0%| F|  |TAMS 0x00000000ac100000, 0x00000000ac100000| Untracked 
| 194|0x00000000ac200000, 0x00000000ac200000, 0x00000000ac300000|  0%| F|  |TAMS 0x00000000ac200000, 0x00000000ac200000| Untracked 
| 195|0x00000000ac300000, 0x00000000ac300000, 0x00000000ac400000|  0%| F|  |TAMS 0x00000000ac300000, 0x00000000ac300000| Untracked 
| 196|0x00000000ac400000, 0x00000000ac400000, 0x00000000ac500000|  0%| F|  |TAMS 0x00000000ac400000, 0x00000000ac400000| Untracked 
| 197|0x00000000ac500000, 0x00000000ac500000, 0x00000000ac600000|  0%| F|  |TAMS 0x00000000ac500000, 0x00000000ac500000| Untracked 
| 198|0x00000000ac600000, 0x00000000ac600000, 0x00000000ac700000|  0%| F|  |TAMS 0x00000000ac600000, 0x00000000ac600000| Untracked 
| 199|0x00000000ac700000, 0x00000000ac700000, 0x00000000ac800000|  0%| F|  |TAMS 0x00000000ac700000, 0x00000000ac700000| Untracked 
| 200|0x00000000ac800000, 0x00000000ac800000, 0x00000000ac900000|  0%| F|  |TAMS 0x00000000ac800000, 0x00000000ac800000| Untracked 
| 201|0x00000000ac900000, 0x00000000ac900000, 0x00000000aca00000|  0%| F|  |TAMS 0x00000000ac900000, 0x00000000ac900000| Untracked 
| 202|0x00000000aca00000, 0x00000000aca00000, 0x00000000acb00000|  0%| F|  |TAMS 0x00000000aca00000, 0x00000000aca00000| Untracked 
| 203|0x00000000acb00000, 0x00000000acb00000, 0x00000000acc00000|  0%| F|  |TAMS 0x00000000acb00000, 0x00000000acb00000| Untracked 
| 204|0x00000000acc00000, 0x00000000acc00000, 0x00000000acd00000|  0%| F|  |TAMS 0x00000000acc00000, 0x00000000acc00000| Untracked 
| 205|0x00000000acd00000, 0x00000000acd00000, 0x00000000ace00000|  0%| F|  |TAMS 0x00000000acd00000, 0x00000000acd00000| Untracked 
| 206|0x00000000ace00000, 0x00000000aced7840, 0x00000000acf00000| 84%| S|CS|TAMS 0x00000000ace00000, 0x00000000ace00000| Complete 
| 207|0x00000000acf00000, 0x00000000ad000000, 0x00000000ad000000|100%| S|CS|TAMS 0x00000000acf00000, 0x00000000acf00000| Complete 
| 208|0x00000000ad000000, 0x00000000ad100000, 0x00000000ad100000|100%| S|CS|TAMS 0x00000000ad000000, 0x00000000ad000000| Complete 
| 209|0x00000000ad100000, 0x00000000ad100000, 0x00000000ad200000|  0%| F|  |TAMS 0x00000000ad100000, 0x00000000ad100000| Untracked 
| 210|0x00000000ad200000, 0x00000000ad200000, 0x00000000ad300000|  0%| F|  |TAMS 0x00000000ad200000, 0x00000000ad200000| Untracked 
| 211|0x00000000ad300000, 0x00000000ad300000, 0x00000000ad400000|  0%| F|  |TAMS 0x00000000ad300000, 0x00000000ad300000| Untracked 
| 212|0x00000000ad400000, 0x00000000ad400000, 0x00000000ad500000|  0%| F|  |TAMS 0x00000000ad400000, 0x00000000ad400000| Untracked 
| 213|0x00000000ad500000, 0x00000000ad500000, 0x00000000ad600000|  0%| F|  |TAMS 0x00000000ad500000, 0x00000000ad500000| Untracked 
| 214|0x00000000ad600000, 0x00000000ad600000, 0x00000000ad700000|  0%| F|  |TAMS 0x00000000ad600000, 0x00000000ad600000| Untracked 
| 215|0x00000000ad700000, 0x00000000ad700000, 0x00000000ad800000|  0%| F|  |TAMS 0x00000000ad700000, 0x00000000ad700000| Untracked 
| 216|0x00000000ad800000, 0x00000000ad800000, 0x00000000ad900000|  0%| F|  |TAMS 0x00000000ad800000, 0x00000000ad800000| Untracked 
| 217|0x00000000ad900000, 0x00000000ad900000, 0x00000000ada00000|  0%| F|  |TAMS 0x00000000ad900000, 0x00000000ad900000| Untracked 
| 218|0x00000000ada00000, 0x00000000ada00000, 0x00000000adb00000|  0%| F|  |TAMS 0x00000000ada00000, 0x00000000ada00000| Untracked 
| 219|0x00000000adb00000, 0x00000000adb00000, 0x00000000adc00000|  0%| F|  |TAMS 0x00000000adb00000, 0x00000000adb00000| Untracked 
| 220|0x00000000adc00000, 0x00000000adc00000, 0x00000000add00000|  0%| F|  |TAMS 0x00000000adc00000, 0x00000000adc00000| Untracked 
| 221|0x00000000add00000, 0x00000000add00000, 0x00000000ade00000|  0%| F|  |TAMS 0x00000000add00000, 0x00000000add00000| Untracked 
| 222|0x00000000ade00000, 0x00000000ade00000, 0x00000000adf00000|  0%| F|  |TAMS 0x00000000ade00000, 0x00000000ade00000| Untracked 
| 223|0x00000000adf00000, 0x00000000adf00000, 0x00000000ae000000|  0%| F|  |TAMS 0x00000000adf00000, 0x00000000adf00000| Untracked 
| 224|0x00000000ae000000, 0x00000000ae000000, 0x00000000ae100000|  0%| F|  |TAMS 0x00000000ae000000, 0x00000000ae000000| Untracked 
| 225|0x00000000ae100000, 0x00000000ae100000, 0x00000000ae200000|  0%| F|  |TAMS 0x00000000ae100000, 0x00000000ae100000| Untracked 
| 226|0x00000000ae200000, 0x00000000ae200000, 0x00000000ae300000|  0%| F|  |TAMS 0x00000000ae200000, 0x00000000ae200000| Untracked 
| 227|0x00000000ae300000, 0x00000000ae300000, 0x00000000ae400000|  0%| F|  |TAMS 0x00000000ae300000, 0x00000000ae300000| Untracked 
| 228|0x00000000ae400000, 0x00000000ae400000, 0x00000000ae500000|  0%| F|  |TAMS 0x00000000ae400000, 0x00000000ae400000| Untracked 
| 229|0x00000000ae500000, 0x00000000ae500000, 0x00000000ae600000|  0%| F|  |TAMS 0x00000000ae500000, 0x00000000ae500000| Untracked 
| 230|0x00000000ae600000, 0x00000000ae600000, 0x00000000ae700000|  0%| F|  |TAMS 0x00000000ae600000, 0x00000000ae600000| Untracked 
| 231|0x00000000ae700000, 0x00000000ae700000, 0x00000000ae800000|  0%| F|  |TAMS 0x00000000ae700000, 0x00000000ae700000| Untracked 
| 232|0x00000000ae800000, 0x00000000ae800000, 0x00000000ae900000|  0%| F|  |TAMS 0x00000000ae800000, 0x00000000ae800000| Untracked 
| 233|0x00000000ae900000, 0x00000000ae900000, 0x00000000aea00000|  0%| F|  |TAMS 0x00000000ae900000, 0x00000000ae900000| Untracked 
| 234|0x00000000aea00000, 0x00000000aea00000, 0x00000000aeb00000|  0%| F|  |TAMS 0x00000000aea00000, 0x00000000aea00000| Untracked 
| 235|0x00000000aeb00000, 0x00000000aeb00000, 0x00000000aec00000|  0%| F|  |TAMS 0x00000000aeb00000, 0x00000000aeb00000| Untracked 
| 236|0x00000000aec00000, 0x00000000aec00000, 0x00000000aed00000|  0%| F|  |TAMS 0x00000000aec00000, 0x00000000aec00000| Untracked 
| 237|0x00000000aed00000, 0x00000000aed00000, 0x00000000aee00000|  0%| F|  |TAMS 0x00000000aed00000, 0x00000000aed00000| Untracked 
| 238|0x00000000aee00000, 0x00000000aee00000, 0x00000000aef00000|  0%| F|  |TAMS 0x00000000aee00000, 0x00000000aee00000| Untracked 
| 239|0x00000000aef00000, 0x00000000aef00000, 0x00000000af000000|  0%| F|  |TAMS 0x00000000aef00000, 0x00000000aef00000| Untracked 
| 240|0x00000000af000000, 0x00000000af000000, 0x00000000af100000|  0%| F|  |TAMS 0x00000000af000000, 0x00000000af000000| Untracked 
| 241|0x00000000af100000, 0x00000000af100000, 0x00000000af200000|  0%| F|  |TAMS 0x00000000af100000, 0x00000000af100000| Untracked 
| 242|0x00000000af200000, 0x00000000af200000, 0x00000000af300000|  0%| F|  |TAMS 0x00000000af200000, 0x00000000af200000| Untracked 
| 243|0x00000000af300000, 0x00000000af300000, 0x00000000af400000|  0%| F|  |TAMS 0x00000000af300000, 0x00000000af300000| Untracked 
| 244|0x00000000af400000, 0x00000000af400000, 0x00000000af500000|  0%| F|  |TAMS 0x00000000af400000, 0x00000000af400000| Untracked 
| 245|0x00000000af500000, 0x00000000af500000, 0x00000000af600000|  0%| F|  |TAMS 0x00000000af500000, 0x00000000af500000| Untracked 
| 246|0x00000000af600000, 0x00000000af600000, 0x00000000af700000|  0%| F|  |TAMS 0x00000000af600000, 0x00000000af600000| Untracked 
| 247|0x00000000af700000, 0x00000000af700000, 0x00000000af800000|  0%| F|  |TAMS 0x00000000af700000, 0x00000000af700000| Untracked 
| 248|0x00000000af800000, 0x00000000af800000, 0x00000000af900000|  0%| F|  |TAMS 0x00000000af800000, 0x00000000af800000| Untracked 
| 249|0x00000000af900000, 0x00000000af900000, 0x00000000afa00000|  0%| F|  |TAMS 0x00000000af900000, 0x00000000af900000| Untracked 
| 250|0x00000000afa00000, 0x00000000afa00000, 0x00000000afb00000|  0%| F|  |TAMS 0x00000000afa00000, 0x00000000afa00000| Untracked 
| 251|0x00000000afb00000, 0x00000000afb00000, 0x00000000afc00000|  0%| F|  |TAMS 0x00000000afb00000, 0x00000000afb00000| Untracked 
| 252|0x00000000afc00000, 0x00000000afc00000, 0x00000000afd00000|  0%| F|  |TAMS 0x00000000afc00000, 0x00000000afc00000| Untracked 
| 253|0x00000000afd00000, 0x00000000afd00000, 0x00000000afe00000|  0%| F|  |TAMS 0x00000000afd00000, 0x00000000afd00000| Untracked 
| 254|0x00000000afe00000, 0x00000000afe00000, 0x00000000aff00000|  0%| F|  |TAMS 0x00000000afe00000, 0x00000000afe00000| Untracked 
| 255|0x00000000aff00000, 0x00000000aff00000, 0x00000000b0000000|  0%| F|  |TAMS 0x00000000aff00000, 0x00000000aff00000| Untracked 
| 256|0x00000000b0000000, 0x00000000b0000000, 0x00000000b0100000|  0%| F|  |TAMS 0x00000000b0000000, 0x00000000b0000000| Untracked 
| 257|0x00000000b0100000, 0x00000000b0100000, 0x00000000b0200000|  0%| F|  |TAMS 0x00000000b0100000, 0x00000000b0100000| Untracked 
| 258|0x00000000b0200000, 0x00000000b0200000, 0x00000000b0300000|  0%| F|  |TAMS 0x00000000b0200000, 0x00000000b0200000| Untracked 
| 259|0x00000000b0300000, 0x00000000b0300000, 0x00000000b0400000|  0%| F|  |TAMS 0x00000000b0300000, 0x00000000b0300000| Untracked 
| 260|0x00000000b0400000, 0x00000000b0400000, 0x00000000b0500000|  0%| F|  |TAMS 0x00000000b0400000, 0x00000000b0400000| Untracked 
| 261|0x00000000b0500000, 0x00000000b0500000, 0x00000000b0600000|  0%| F|  |TAMS 0x00000000b0500000, 0x00000000b0500000| Untracked 
| 262|0x00000000b0600000, 0x00000000b0600000, 0x00000000b0700000|  0%| F|  |TAMS 0x00000000b0600000, 0x00000000b0600000| Untracked 
| 263|0x00000000b0700000, 0x00000000b0700000, 0x00000000b0800000|  0%| F|  |TAMS 0x00000000b0700000, 0x00000000b0700000| Untracked 
| 264|0x00000000b0800000, 0x00000000b0800000, 0x00000000b0900000|  0%| F|  |TAMS 0x00000000b0800000, 0x00000000b0800000| Untracked 
| 265|0x00000000b0900000, 0x00000000b0900000, 0x00000000b0a00000|  0%| F|  |TAMS 0x00000000b0900000, 0x00000000b0900000| Untracked 
| 266|0x00000000b0a00000, 0x00000000b0a00000, 0x00000000b0b00000|  0%| F|  |TAMS 0x00000000b0a00000, 0x00000000b0a00000| Untracked 
| 267|0x00000000b0b00000, 0x00000000b0b00000, 0x00000000b0c00000|  0%| F|  |TAMS 0x00000000b0b00000, 0x00000000b0b00000| Untracked 
| 268|0x00000000b0c00000, 0x00000000b0c00000, 0x00000000b0d00000|  0%| F|  |TAMS 0x00000000b0c00000, 0x00000000b0c00000| Untracked 
| 269|0x00000000b0d00000, 0x00000000b0d00000, 0x00000000b0e00000|  0%| F|  |TAMS 0x00000000b0d00000, 0x00000000b0d00000| Untracked 
| 270|0x00000000b0e00000, 0x00000000b0e00000, 0x00000000b0f00000|  0%| F|  |TAMS 0x00000000b0e00000, 0x00000000b0e00000| Untracked 
| 271|0x00000000b0f00000, 0x00000000b0f00000, 0x00000000b1000000|  0%| F|  |TAMS 0x00000000b0f00000, 0x00000000b0f00000| Untracked 
| 272|0x00000000b1000000, 0x00000000b1000000, 0x00000000b1100000|  0%| F|  |TAMS 0x00000000b1000000, 0x00000000b1000000| Untracked 
| 273|0x00000000b1100000, 0x00000000b1100000, 0x00000000b1200000|  0%| F|  |TAMS 0x00000000b1100000, 0x00000000b1100000| Untracked 
| 274|0x00000000b1200000, 0x00000000b1200000, 0x00000000b1300000|  0%| F|  |TAMS 0x00000000b1200000, 0x00000000b1200000| Untracked 
| 275|0x00000000b1300000, 0x00000000b1300000, 0x00000000b1400000|  0%| F|  |TAMS 0x00000000b1300000, 0x00000000b1300000| Untracked 
| 276|0x00000000b1400000, 0x00000000b1400000, 0x00000000b1500000|  0%| F|  |TAMS 0x00000000b1400000, 0x00000000b1400000| Untracked 
| 277|0x00000000b1500000, 0x00000000b1500000, 0x00000000b1600000|  0%| F|  |TAMS 0x00000000b1500000, 0x00000000b1500000| Untracked 
| 278|0x00000000b1600000, 0x00000000b1600000, 0x00000000b1700000|  0%| F|  |TAMS 0x00000000b1600000, 0x00000000b1600000| Untracked 
| 279|0x00000000b1700000, 0x00000000b1700000, 0x00000000b1800000|  0%| F|  |TAMS 0x00000000b1700000, 0x00000000b1700000| Untracked 
| 280|0x00000000b1800000, 0x00000000b1800000, 0x00000000b1900000|  0%| F|  |TAMS 0x00000000b1800000, 0x00000000b1800000| Untracked 
| 281|0x00000000b1900000, 0x00000000b1900000, 0x00000000b1a00000|  0%| F|  |TAMS 0x00000000b1900000, 0x00000000b1900000| Untracked 
| 282|0x00000000b1a00000, 0x00000000b1a00000, 0x00000000b1b00000|  0%| F|  |TAMS 0x00000000b1a00000, 0x00000000b1a00000| Untracked 
| 283|0x00000000b1b00000, 0x00000000b1b00000, 0x00000000b1c00000|  0%| F|  |TAMS 0x00000000b1b00000, 0x00000000b1b00000| Untracked 
| 284|0x00000000b1c00000, 0x00000000b1c00000, 0x00000000b1d00000|  0%| F|  |TAMS 0x00000000b1c00000, 0x00000000b1c00000| Untracked 
| 285|0x00000000b1d00000, 0x00000000b1d00000, 0x00000000b1e00000|  0%| F|  |TAMS 0x00000000b1d00000, 0x00000000b1d00000| Untracked 
| 286|0x00000000b1e00000, 0x00000000b1e00000, 0x00000000b1f00000|  0%| F|  |TAMS 0x00000000b1e00000, 0x00000000b1e00000| Untracked 
| 287|0x00000000b1f00000, 0x00000000b1f00000, 0x00000000b2000000|  0%| F|  |TAMS 0x00000000b1f00000, 0x00000000b1f00000| Untracked 
| 288|0x00000000b2000000, 0x00000000b2000000, 0x00000000b2100000|  0%| F|  |TAMS 0x00000000b2000000, 0x00000000b2000000| Untracked 
| 289|0x00000000b2100000, 0x00000000b2100000, 0x00000000b2200000|  0%| F|  |TAMS 0x00000000b2100000, 0x00000000b2100000| Untracked 
| 290|0x00000000b2200000, 0x00000000b2200000, 0x00000000b2300000|  0%| F|  |TAMS 0x00000000b2200000, 0x00000000b2200000| Untracked 
| 291|0x00000000b2300000, 0x00000000b2300000, 0x00000000b2400000|  0%| F|  |TAMS 0x00000000b2300000, 0x00000000b2300000| Untracked 
| 292|0x00000000b2400000, 0x00000000b2400000, 0x00000000b2500000|  0%| F|  |TAMS 0x00000000b2400000, 0x00000000b2400000| Untracked 
| 293|0x00000000b2500000, 0x00000000b2500000, 0x00000000b2600000|  0%| F|  |TAMS 0x00000000b2500000, 0x00000000b2500000| Untracked 
| 294|0x00000000b2600000, 0x00000000b2600000, 0x00000000b2700000|  0%| F|  |TAMS 0x00000000b2600000, 0x00000000b2600000| Untracked 
| 295|0x00000000b2700000, 0x00000000b2700000, 0x00000000b2800000|  0%| F|  |TAMS 0x00000000b2700000, 0x00000000b2700000| Untracked 
| 296|0x00000000b2800000, 0x00000000b2800000, 0x00000000b2900000|  0%| F|  |TAMS 0x00000000b2800000, 0x00000000b2800000| Untracked 
| 297|0x00000000b2900000, 0x00000000b2900000, 0x00000000b2a00000|  0%| F|  |TAMS 0x00000000b2900000, 0x00000000b2900000| Untracked 
| 298|0x00000000b2a00000, 0x00000000b2a00000, 0x00000000b2b00000|  0%| F|  |TAMS 0x00000000b2a00000, 0x00000000b2a00000| Untracked 
| 299|0x00000000b2b00000, 0x00000000b2b00000, 0x00000000b2c00000|  0%| F|  |TAMS 0x00000000b2b00000, 0x00000000b2b00000| Untracked 
| 300|0x00000000b2c00000, 0x00000000b2c00000, 0x00000000b2d00000|  0%| F|  |TAMS 0x00000000b2c00000, 0x00000000b2c00000| Untracked 
| 301|0x00000000b2d00000, 0x00000000b2d00000, 0x00000000b2e00000|  0%| F|  |TAMS 0x00000000b2d00000, 0x00000000b2d00000| Untracked 
| 302|0x00000000b2e00000, 0x00000000b2e00000, 0x00000000b2f00000|  0%| F|  |TAMS 0x00000000b2e00000, 0x00000000b2e00000| Untracked 
| 303|0x00000000b2f00000, 0x00000000b2f00000, 0x00000000b3000000|  0%| F|  |TAMS 0x00000000b2f00000, 0x00000000b2f00000| Untracked 
| 304|0x00000000b3000000, 0x00000000b3000000, 0x00000000b3100000|  0%| F|  |TAMS 0x00000000b3000000, 0x00000000b3000000| Untracked 
| 305|0x00000000b3100000, 0x00000000b3100000, 0x00000000b3200000|  0%| F|  |TAMS 0x00000000b3100000, 0x00000000b3100000| Untracked 
| 306|0x00000000b3200000, 0x00000000b3200000, 0x00000000b3300000|  0%| F|  |TAMS 0x00000000b3200000, 0x00000000b3200000| Untracked 
| 307|0x00000000b3300000, 0x00000000b3300000, 0x00000000b3400000|  0%| F|  |TAMS 0x00000000b3300000, 0x00000000b3300000| Untracked 
| 308|0x00000000b3400000, 0x00000000b3400000, 0x00000000b3500000|  0%| F|  |TAMS 0x00000000b3400000, 0x00000000b3400000| Untracked 
| 309|0x00000000b3500000, 0x00000000b3500000, 0x00000000b3600000|  0%| F|  |TAMS 0x00000000b3500000, 0x00000000b3500000| Untracked 
| 310|0x00000000b3600000, 0x00000000b3600000, 0x00000000b3700000|  0%| F|  |TAMS 0x00000000b3600000, 0x00000000b3600000| Untracked 
| 311|0x00000000b3700000, 0x00000000b3700000, 0x00000000b3800000|  0%| F|  |TAMS 0x00000000b3700000, 0x00000000b3700000| Untracked 
| 312|0x00000000b3800000, 0x00000000b3800000, 0x00000000b3900000|  0%| F|  |TAMS 0x00000000b3800000, 0x00000000b3800000| Untracked 
| 313|0x00000000b3900000, 0x00000000b3900000, 0x00000000b3a00000|  0%| F|  |TAMS 0x00000000b3900000, 0x00000000b3900000| Untracked 
| 314|0x00000000b3a00000, 0x00000000b3a00000, 0x00000000b3b00000|  0%| F|  |TAMS 0x00000000b3a00000, 0x00000000b3a00000| Untracked 
| 315|0x00000000b3b00000, 0x00000000b3b00000, 0x00000000b3c00000|  0%| F|  |TAMS 0x00000000b3b00000, 0x00000000b3b00000| Untracked 
| 316|0x00000000b3c00000, 0x00000000b3c00000, 0x00000000b3d00000|  0%| F|  |TAMS 0x00000000b3c00000, 0x00000000b3c00000| Untracked 
| 317|0x00000000b3d00000, 0x00000000b3d00000, 0x00000000b3e00000|  0%| F|  |TAMS 0x00000000b3d00000, 0x00000000b3d00000| Untracked 
| 318|0x00000000b3e00000, 0x00000000b3e00000, 0x00000000b3f00000|  0%| F|  |TAMS 0x00000000b3e00000, 0x00000000b3e00000| Untracked 
| 319|0x00000000b3f00000, 0x00000000b3f00000, 0x00000000b4000000|  0%| F|  |TAMS 0x00000000b3f00000, 0x00000000b3f00000| Untracked 
| 320|0x00000000b4000000, 0x00000000b4000000, 0x00000000b4100000|  0%| F|  |TAMS 0x00000000b4000000, 0x00000000b4000000| Untracked 
| 321|0x00000000b4100000, 0x00000000b4100000, 0x00000000b4200000|  0%| F|  |TAMS 0x00000000b4100000, 0x00000000b4100000| Untracked 
| 322|0x00000000b4200000, 0x00000000b4200000, 0x00000000b4300000|  0%| F|  |TAMS 0x00000000b4200000, 0x00000000b4200000| Untracked 
| 323|0x00000000b4300000, 0x00000000b4300000, 0x00000000b4400000|  0%| F|  |TAMS 0x00000000b4300000, 0x00000000b4300000| Untracked 
| 324|0x00000000b4400000, 0x00000000b4400000, 0x00000000b4500000|  0%| F|  |TAMS 0x00000000b4400000, 0x00000000b4400000| Untracked 
| 325|0x00000000b4500000, 0x00000000b4500000, 0x00000000b4600000|  0%| F|  |TAMS 0x00000000b4500000, 0x00000000b4500000| Untracked 
| 326|0x00000000b4600000, 0x00000000b4600000, 0x00000000b4700000|  0%| F|  |TAMS 0x00000000b4600000, 0x00000000b4600000| Untracked 
| 327|0x00000000b4700000, 0x00000000b4700000, 0x00000000b4800000|  0%| F|  |TAMS 0x00000000b4700000, 0x00000000b4700000| Untracked 
| 328|0x00000000b4800000, 0x00000000b4800000, 0x00000000b4900000|  0%| F|  |TAMS 0x00000000b4800000, 0x00000000b4800000| Untracked 
| 329|0x00000000b4900000, 0x00000000b4900000, 0x00000000b4a00000|  0%| F|  |TAMS 0x00000000b4900000, 0x00000000b4900000| Untracked 
| 330|0x00000000b4a00000, 0x00000000b4a00000, 0x00000000b4b00000|  0%| F|  |TAMS 0x00000000b4a00000, 0x00000000b4a00000| Untracked 
| 331|0x00000000b4b00000, 0x00000000b4b00000, 0x00000000b4c00000|  0%| F|  |TAMS 0x00000000b4b00000, 0x00000000b4b00000| Untracked 
| 332|0x00000000b4c00000, 0x00000000b4c00000, 0x00000000b4d00000|  0%| F|  |TAMS 0x00000000b4c00000, 0x00000000b4c00000| Untracked 
| 333|0x00000000b4d00000, 0x00000000b4d00000, 0x00000000b4e00000|  0%| F|  |TAMS 0x00000000b4d00000, 0x00000000b4d00000| Untracked 
| 334|0x00000000b4e00000, 0x00000000b4e00000, 0x00000000b4f00000|  0%| F|  |TAMS 0x00000000b4e00000, 0x00000000b4e00000| Untracked 
| 335|0x00000000b4f00000, 0x00000000b4f00000, 0x00000000b5000000|  0%| F|  |TAMS 0x00000000b4f00000, 0x00000000b4f00000| Untracked 
| 336|0x00000000b5000000, 0x00000000b5000000, 0x00000000b5100000|  0%| F|  |TAMS 0x00000000b5000000, 0x00000000b5000000| Untracked 
| 337|0x00000000b5100000, 0x00000000b5100000, 0x00000000b5200000|  0%| F|  |TAMS 0x00000000b5100000, 0x00000000b5100000| Untracked 
| 338|0x00000000b5200000, 0x00000000b5200000, 0x00000000b5300000|  0%| F|  |TAMS 0x00000000b5200000, 0x00000000b5200000| Untracked 
| 339|0x00000000b5300000, 0x00000000b5300000, 0x00000000b5400000|  0%| F|  |TAMS 0x00000000b5300000, 0x00000000b5300000| Untracked 
| 340|0x00000000b5400000, 0x00000000b5400000, 0x00000000b5500000|  0%| F|  |TAMS 0x00000000b5400000, 0x00000000b5400000| Untracked 
| 341|0x00000000b5500000, 0x00000000b5500000, 0x00000000b5600000|  0%| F|  |TAMS 0x00000000b5500000, 0x00000000b5500000| Untracked 
| 342|0x00000000b5600000, 0x00000000b5600000, 0x00000000b5700000|  0%| F|  |TAMS 0x00000000b5600000, 0x00000000b5600000| Untracked 
| 343|0x00000000b5700000, 0x00000000b5700000, 0x00000000b5800000|  0%| F|  |TAMS 0x00000000b5700000, 0x00000000b5700000| Untracked 
| 344|0x00000000b5800000, 0x00000000b5800000, 0x00000000b5900000|  0%| F|  |TAMS 0x00000000b5800000, 0x00000000b5800000| Untracked 
| 345|0x00000000b5900000, 0x00000000b5900000, 0x00000000b5a00000|  0%| F|  |TAMS 0x00000000b5900000, 0x00000000b5900000| Untracked 
| 346|0x00000000b5a00000, 0x00000000b5a00000, 0x00000000b5b00000|  0%| F|  |TAMS 0x00000000b5a00000, 0x00000000b5a00000| Untracked 
| 347|0x00000000b5b00000, 0x00000000b5b00000, 0x00000000b5c00000|  0%| F|  |TAMS 0x00000000b5b00000, 0x00000000b5b00000| Untracked 
| 348|0x00000000b5c00000, 0x00000000b5c00000, 0x00000000b5d00000|  0%| F|  |TAMS 0x00000000b5c00000, 0x00000000b5c00000| Untracked 
| 349|0x00000000b5d00000, 0x00000000b5d00000, 0x00000000b5e00000|  0%| F|  |TAMS 0x00000000b5d00000, 0x00000000b5d00000| Untracked 
| 350|0x00000000b5e00000, 0x00000000b5e00000, 0x00000000b5f00000|  0%| F|  |TAMS 0x00000000b5e00000, 0x00000000b5e00000| Untracked 
| 351|0x00000000b5f00000, 0x00000000b5f00000, 0x00000000b6000000|  0%| F|  |TAMS 0x00000000b5f00000, 0x00000000b5f00000| Untracked 
| 352|0x00000000b6000000, 0x00000000b6000000, 0x00000000b6100000|  0%| F|  |TAMS 0x00000000b6000000, 0x00000000b6000000| Untracked 
| 353|0x00000000b6100000, 0x00000000b6100000, 0x00000000b6200000|  0%| F|  |TAMS 0x00000000b6100000, 0x00000000b6100000| Untracked 
| 354|0x00000000b6200000, 0x00000000b6200000, 0x00000000b6300000|  0%| F|  |TAMS 0x00000000b6200000, 0x00000000b6200000| Untracked 
| 355|0x00000000b6300000, 0x00000000b6300000, 0x00000000b6400000|  0%| F|  |TAMS 0x00000000b6300000, 0x00000000b6300000| Untracked 

Card table byte_map: [0x00000174c2ab0000,0x00000174c2db0000] _byte_map_base: 0x00000174c25b0000

Marking Bits (Prev, Next): (CMBitMap*) 0x00000174afe642e0, (CMBitMap*) 0x00000174afe642a8
 Prev Bits: [0x00000174c48b0000, 0x00000174c60b0000)
 Next Bits: [0x00000174c30b0000, 0x00000174c48b0000)

Polling page: 0x00000174add00000

Metaspace:

Usage:
  Non-class:    119.92 MB capacity,   117.63 MB ( 98%) used,     1.93 MB (  2%) free+waste,   369.81 KB ( <1%) overhead. 
      Class:     17.09 MB capacity,    15.93 MB ( 93%) used,     1.00 MB (  6%) free+waste,   159.56 KB ( <1%) overhead. 
       Both:    137.02 MB capacity,   133.57 MB ( 97%) used,     2.93 MB (  2%) free+waste,   529.38 KB ( <1%) overhead. 

Virtual space:
  Non-class space:      120.00 MB reserved,     120.00 MB (100%) committed 
      Class space:        1.00 GB reserved,      17.25 MB (  2%) committed 
             Both:        1.12 GB reserved,     137.25 MB ( 12%) committed 

Chunk freelists:
   Non-Class:  77.00 KB
       Class:  64.00 KB
        Both:  141.00 KB

MaxMetaspaceSize: 17179869184.00 GB
CompressedClassSpaceSize: 1.00 GB

CodeHeap 'non-profiled nmethods': size=120064Kb used=13297Kb max_used=13297Kb free=106766Kb
 bounds [0x00000174bb270000, 0x00000174bbf70000, 0x00000174c27b0000]
CodeHeap 'profiled nmethods': size=120000Kb used=52845Kb max_used=52845Kb free=67155Kb
 bounds [0x00000174b3d40000, 0x00000174b7110000, 0x00000174bb270000]
CodeHeap 'non-nmethods': size=5696Kb used=2471Kb max_used=2535Kb free=3224Kb
 bounds [0x00000174b37b0000, 0x00000174b3a40000, 0x00000174b3d40000]
 total_blobs=22548 nmethods=21393 adapters=1063
 compilation: enabled
              stopped_count=0, restarted_count=0
 full_count=0

Compilation events (20 events):
Event: 245.676 Thread 0x00000174c85ad000 25390       2       com.android.tools.r8.t.a.a.G.b::a (690 bytes)
Event: 245.680 Thread 0x00000174c85a7800 nmethod 25352 0x00000174bbf68e90 code [0x00000174bbf69080, 0x00000174bbf69df8]
Event: 245.680 Thread 0x00000174c85a7800 24393       4       java.util.TimSort::sort (229 bytes)
Event: 245.683 Thread 0x00000174c85ad000 nmethod 25390 0x00000174b70ffb10 code [0x00000174b7100020, 0x00000174b71027a8]
Event: 245.740 Thread 0x00000174c85ad000 25391       2       com.android.tools.r8.ir.code.InstanceOf::<init> (12 bytes)
Event: 245.741 Thread 0x00000174c85ad000 nmethod 25391 0x00000174b7103b10 code [0x00000174b7103cc0, 0x00000174b7103e28]
Event: 245.742 Thread 0x00000174c85ad000 25392       2       com.android.tools.r8.ir.code.InstanceOf::a (45 bytes)
Event: 245.743 Thread 0x00000174c85ad000 nmethod 25392 0x00000174b7103f10 code [0x00000174b7104100, 0x00000174b7104408]
Event: 245.743 Thread 0x00000174c85ad000 25394       2       com.android.tools.r8.ir.conversion.IRBuilder::a (74 bytes)
Event: 245.743 Thread 0x00000174c85ad000 nmethod 25394 0x00000174b7104690 code [0x00000174b7104880, 0x00000174b7104b58]
Event: 245.743 Thread 0x00000174c85ad000 25393       2       com.android.tools.r8.ir.code.InstanceOf::value (14 bytes)
Event: 245.744 Thread 0x00000174c85ad000 nmethod 25393 0x00000174b7104d10 code [0x00000174b7104ec0, 0x00000174b7105028]
Event: 245.771 Thread 0x00000174c85ad000 25395       2       com.android.tools.r8.ir.optimize.CodeRewriter$$Lambda$1000/0x00000001010f4c40::accept (14 bytes)
Event: 245.772 Thread 0x00000174c85ad000 nmethod 25395 0x00000174b7105110 code [0x00000174b71052c0, 0x00000174b7105408]
Event: 245.778 Thread 0x00000174c85ad000 25397 %     3       com.android.tools.r8.ir.regalloc.LinearScanRegisterAllocator::g @ 11 (67 bytes)
Event: 245.780 Thread 0x00000174c85ad000 nmethod 25397% 0x00000174b7105510 code [0x00000174b7105820, 0x00000174b7106c08]
Event: 245.786 Thread 0x00000174c85ad000 25398       2       com.android.tools.r8.ir.code.Cmp::k (2 bytes)
Event: 245.786 Thread 0x00000174c85ad000 nmethod 25398 0x00000174b7107190 code [0x00000174b7107340, 0x00000174b7107438]
Event: 245.788 Thread 0x00000174c85a7800 nmethod 24393 0x00000174bbf6a710 code [0x00000174bbf6a960, 0x00000174bbf6ce70]
Event: 245.788 Thread 0x00000174c85a7800 24057       4       org.objectweb.asm.Item::isEqualTo (354 bytes)

GC Heap History (20 events):
Event: 239.592 GC heap after
{Heap after GC invocations=120 (full 0):
 garbage-first heap   total 233472K, used 128899K [0x00000000a0000000, 0x0000000100000000)
  region size 1024K, 4 young (4096K), 4 survivors (4096K)
 Metaspace       used 136697K, capacity 140326K, committed 140544K, reserved 1171456K
  class space    used 16339K, capacity 17547K, committed 17664K, reserved 1048576K
}
Event: 239.854 GC heap before
{Heap before GC invocations=120 (full 0):
 garbage-first heap   total 233472K, used 200579K [0x00000000a0000000, 0x0000000100000000)
  region size 1024K, 74 young (75776K), 4 survivors (4096K)
 Metaspace       used 136722K, capacity 140328K, committed 140544K, reserved 1171456K
  class space    used 16339K, capacity 17547K, committed 17664K, reserved 1048576K
}
Event: 239.861 GC heap after
{Heap after GC invocations=121 (full 0):
 garbage-first heap   total 233472K, used 128868K [0x00000000a0000000, 0x0000000100000000)
  region size 1024K, 4 young (4096K), 4 survivors (4096K)
 Metaspace       used 136722K, capacity 140328K, committed 140544K, reserved 1171456K
  class space    used 16339K, capacity 17547K, committed 17664K, reserved 1048576K
}
Event: 240.113 GC heap before
{Heap before GC invocations=121 (full 0):
 garbage-first heap   total 233472K, used 200548K [0x00000000a0000000, 0x0000000100000000)
  region size 1024K, 74 young (75776K), 4 survivors (4096K)
 Metaspace       used 136728K, capacity 140329K, committed 140544K, reserved 1171456K
  class space    used 16339K, capacity 17547K, committed 17664K, reserved 1048576K
}
Event: 240.121 GC heap after
{Heap after GC invocations=122 (full 0):
 garbage-first heap   total 233472K, used 129439K [0x00000000a0000000, 0x0000000100000000)
  region size 1024K, 4 young (4096K), 4 survivors (4096K)
 Metaspace       used 136728K, capacity 140329K, committed 140544K, reserved 1171456K
  class space    used 16339K, capacity 17547K, committed 17664K, reserved 1048576K
}
Event: 240.354 GC heap before
{Heap before GC invocations=122 (full 0):
 garbage-first heap   total 233472K, used 206239K [0x00000000a0000000, 0x0000000100000000)
  region size 1024K, 79 young (80896K), 4 survivors (4096K)
 Metaspace       used 136749K, capacity 140334K, committed 140544K, reserved 1171456K
  class space    used 16339K, capacity 17547K, committed 17664K, reserved 1048576K
}
Event: 240.363 GC heap after
{Heap after GC invocations=123 (full 0):
 garbage-first heap   total 233472K, used 133536K [0x00000000a0000000, 0x0000000100000000)
  region size 1024K, 8 young (8192K), 8 survivors (8192K)
 Metaspace       used 136749K, capacity 140334K, committed 140544K, reserved 1171456K
  class space    used 16339K, capacity 17547K, committed 17664K, reserved 1048576K
}
Event: 240.538 GC heap before
{Heap before GC invocations=123 (full 0):
 garbage-first heap   total 233472K, used 198048K [0x00000000a0000000, 0x0000000100000000)
  region size 1024K, 72 young (73728K), 8 survivors (8192K)
 Metaspace       used 136764K, capacity 140401K, committed 140544K, reserved 1171456K
  class space    used 16339K, capacity 17547K, committed 17664K, reserved 1048576K
}
Event: 240.565 GC heap after
{Heap after GC invocations=124 (full 0):
 garbage-first heap   total 233472K, used 138207K [0x00000000a0000000, 0x0000000100000000)
  region size 1024K, 7 young (7168K), 7 survivors (7168K)
 Metaspace       used 136764K, capacity 140401K, committed 140544K, reserved 1171456K
  class space    used 16339K, capacity 17547K, committed 17664K, reserved 1048576K
}
Event: 240.737 GC heap before
{Heap before GC invocations=124 (full 0):
 garbage-first heap   total 233472K, used 186335K [0x00000000a0000000, 0x0000000100000000)
  region size 1024K, 55 young (56320K), 7 survivors (7168K)
 Metaspace       used 136769K, capacity 140402K, committed 140544K, reserved 1171456K
  class space    used 16339K, capacity 17547K, committed 17664K, reserved 1048576K
}
Event: 240.765 GC heap after
{Heap after GC invocations=125 (full 0):
 garbage-first heap   total 233472K, used 141906K [0x00000000a0000000, 0x0000000100000000)
  region size 1024K, 6 young (6144K), 6 survivors (6144K)
 Metaspace       used 136769K, capacity 140402K, committed 140544K, reserved 1171456K
  class space    used 16339K, capacity 17547K, committed 17664K, reserved 1048576K
}
Event: 240.994 GC heap before
{Heap before GC invocations=125 (full 0):
 garbage-first heap   total 233472K, used 195154K [0x00000000a0000000, 0x0000000100000000)
  region size 1024K, 58 young (59392K), 6 survivors (6144K)
 Metaspace       used 136779K, capacity 140403K, committed 140544K, reserved 1171456K
  class space    used 16339K, capacity 17547K, committed 17664K, reserved 1048576K
}
Event: 241.076 GC heap after
{Heap after GC invocations=126 (full 0):
 garbage-first heap   total 364544K, used 147456K [0x00000000a0000000, 0x0000000100000000)
  region size 1024K, 6 young (6144K), 6 survivors (6144K)
 Metaspace       used 136779K, capacity 140403K, committed 140544K, reserved 1171456K
  class space    used 16339K, capacity 17547K, committed 17664K, reserved 1048576K
}
Event: 243.868 GC heap before
{Heap before GC invocations=126 (full 0):
 garbage-first heap   total 364544K, used 268288K [0x00000000a0000000, 0x0000000100000000)
  region size 1024K, 128 young (131072K), 6 survivors (6144K)
 Metaspace       used 136719K, capacity 140278K, committed 140544K, reserved 1171456K
  class space    used 16316K, capacity 17504K, committed 17664K, reserved 1048576K
}
Event: 243.930 GC heap after
{Heap after GC invocations=127 (full 0):
 garbage-first heap   total 364544K, used 145045K [0x00000000a0000000, 0x0000000100000000)
  region size 1024K, 8 young (8192K), 8 survivors (8192K)
 Metaspace       used 136719K, capacity 140278K, committed 140544K, reserved 1171456K
  class space    used 16316K, capacity 17504K, committed 17664K, reserved 1048576K
}
Event: 245.150 GC heap before
{Heap before GC invocations=128 (full 0):
 garbage-first heap   total 364544K, used 276117K [0x00000000a0000000, 0x0000000100000000)
  region size 1024K, 137 young (140288K), 8 survivors (8192K)
 Metaspace       used 136719K, capacity 140278K, committed 140544K, reserved 1171456K
  class space    used 16316K, capacity 17504K, committed 17664K, reserved 1048576K
}
Event: 245.176 GC heap after
{Heap after GC invocations=129 (full 0):
 garbage-first heap   total 364544K, used 148330K [0x00000000a0000000, 0x0000000100000000)
  region size 1024K, 11 young (11264K), 11 survivors (11264K)
 Metaspace       used 136719K, capacity 140278K, committed 140544K, reserved 1171456K
  class space    used 16316K, capacity 17504K, committed 17664K, reserved 1048576K
}
Event: 245.211 GC heap before
{Heap before GC invocations=129 (full 0):
 garbage-first heap   total 364544K, used 154474K [0x00000000a0000000, 0x0000000100000000)
  region size 1024K, 17 young (17408K), 11 survivors (11264K)
 Metaspace       used 136719K, capacity 140278K, committed 140544K, reserved 1171456K
  class space    used 16316K, capacity 17504K, committed 17664K, reserved 1048576K
}
Event: 245.272 GC heap after
{Heap after GC invocations=130 (full 0):
 garbage-first heap   total 364544K, used 145508K [0x00000000a0000000, 0x0000000100000000)
  region size 1024K, 2 young (2048K), 2 survivors (2048K)
 Metaspace       used 136719K, capacity 140278K, committed 140544K, reserved 1171456K
  class space    used 16316K, capacity 17504K, committed 17664K, reserved 1048576K
}
Event: 245.790 GC heap before
{Heap before GC invocations=130 (full 0):
 garbage-first heap   total 364544K, used 293988K [0x00000000a0000000, 0x0000000100000000)
  region size 1024K, 147 young (150528K), 2 survivors (2048K)
 Metaspace       used 136774K, capacity 140307K, committed 140544K, reserved 1171456K
  class space    used 16316K, capacity 17504K, committed 17664K, reserved 1048576K
}

Deoptimization events (20 events):
Event: 245.435 Thread 0x00000174ca5eb000 DEOPT PACKING pc=0x00000174b70b2534 sp=0x000000296dbf7130
Event: 245.435 Thread 0x00000174ca5eb000 DEOPT UNPACKING pc=0x00000174b37d72ce sp=0x000000296dbf6690 mode 0
Event: 245.450 Thread 0x00000174cd44f800 DEOPT PACKING pc=0x00000174b70b2534 sp=0x000000296eef9fc0
Event: 245.450 Thread 0x00000174cd44f800 DEOPT UNPACKING pc=0x00000174b37d72ce sp=0x000000296eef9520 mode 0
Event: 245.472 Thread 0x00000174ca5eb000 DEOPT PACKING pc=0x00000174b70b2534 sp=0x000000296dbf70b0
Event: 245.472 Thread 0x00000174ca5eb000 DEOPT UNPACKING pc=0x00000174b37d72ce sp=0x000000296dbf6610 mode 0
Event: 245.510 Thread 0x00000174ca5eb000 DEOPT PACKING pc=0x00000174b70b2534 sp=0x000000296dbf70b0
Event: 245.511 Thread 0x00000174ca5eb000 DEOPT UNPACKING pc=0x00000174b37d72ce sp=0x000000296dbf6610 mode 0
Event: 245.513 Thread 0x00000174cd453000 DEOPT PACKING pc=0x00000174b70b2534 sp=0x000000296eff9ac0
Event: 245.513 Thread 0x00000174cd453000 DEOPT UNPACKING pc=0x00000174b37d72ce sp=0x000000296eff9020 mode 0
Event: 245.528 Thread 0x00000174cd454800 DEOPT PACKING pc=0x00000174b691be4a sp=0x000000296f0f9b40
Event: 245.529 Thread 0x00000174cd454800 DEOPT UNPACKING pc=0x00000174b37d72ce sp=0x000000296f0f9000 mode 0
Event: 245.540 Thread 0x00000174cd453000 DEOPT PACKING pc=0x00000174b70b2534 sp=0x000000296eff9ac0
Event: 245.540 Thread 0x00000174cd453000 DEOPT UNPACKING pc=0x00000174b37d72ce sp=0x000000296eff9020 mode 0
Event: 245.556 Thread 0x00000174cd453000 DEOPT PACKING pc=0x00000174b70b2534 sp=0x000000296eff9ac0
Event: 245.556 Thread 0x00000174cd453000 DEOPT UNPACKING pc=0x00000174b37d72ce sp=0x000000296eff9020 mode 0
Event: 245.558 Thread 0x00000174cd453000 DEOPT PACKING pc=0x00000174b70b2534 sp=0x000000296eff9ac0
Event: 245.559 Thread 0x00000174cd453000 DEOPT UNPACKING pc=0x00000174b37d72ce sp=0x000000296eff9020 mode 0
Event: 245.783 Thread 0x00000174ca5eb000 DEOPT PACKING pc=0x00000174b70b2534 sp=0x000000296dbf7130
Event: 245.783 Thread 0x00000174ca5eb000 DEOPT UNPACKING pc=0x00000174b37d72ce sp=0x000000296dbf6690 mode 0

Classes redefined (0 events):
No events

Internal exceptions (20 events):
Event: 238.876 Thread 0x00000174cd454800 Exception <a 'sun/nio/fs/WindowsException'{0x00000000ad1ef7b0}> (0x00000000ad1ef7b0) thrown at [./src/hotspot/share/prims/jni.cpp, line 615]
Event: 238.891 Thread 0x00000174cd453000 Exception <a 'sun/nio/fs/WindowsException'{0x00000000accb3220}> (0x00000000accb3220) thrown at [./src/hotspot/share/prims/jni.cpp, line 615]
Event: 239.034 Thread 0x00000174cd454800 Exception <a 'sun/nio/fs/WindowsException'{0x00000000aa9c0c78}> (0x00000000aa9c0c78) thrown at [./src/hotspot/share/prims/jni.cpp, line 615]
Event: 239.150 Thread 0x00000174cd44f800 Exception <a 'sun/nio/fs/WindowsException'{0x00000000accb0f80}> (0x00000000accb0f80) thrown at [./src/hotspot/share/prims/jni.cpp, line 615]
Event: 239.315 Thread 0x00000174cd44f800 Exception <a 'sun/nio/fs/WindowsException'{0x00000000aaa642e8}> (0x00000000aaa642e8) thrown at [./src/hotspot/share/prims/jni.cpp, line 615]
Event: 239.627 Thread 0x00000174cd453000 Exception <a 'sun/nio/fs/WindowsException'{0x00000000ada68de0}> (0x00000000ada68de0) thrown at [./src/hotspot/share/prims/jni.cpp, line 615]
Event: 239.663 Thread 0x00000174cd44f800 Exception <a 'sun/nio/fs/WindowsException'{0x00000000ad203558}> (0x00000000ad203558) thrown at [./src/hotspot/share/prims/jni.cpp, line 615]
Event: 239.749 Thread 0x00000174cd44f800 Exception <a 'sun/nio/fs/WindowsException'{0x00000000aba4e020}> (0x00000000aba4e020) thrown at [./src/hotspot/share/prims/jni.cpp, line 615]
Event: 239.759 Thread 0x00000174cd453000 Exception <a 'sun/nio/fs/WindowsException'{0x00000000ab933018}> (0x00000000ab933018) thrown at [./src/hotspot/share/prims/jni.cpp, line 615]
Event: 239.779 Thread 0x00000174cd453000 Exception <a 'sun/nio/fs/WindowsException'{0x00000000ab236278}> (0x00000000ab236278) thrown at [./src/hotspot/share/prims/jni.cpp, line 615]
Event: 239.847 Thread 0x00000174cd453000 Exception <a 'sun/nio/fs/WindowsException'{0x00000000aa83f928}> (0x00000000aa83f928) thrown at [./src/hotspot/share/prims/jni.cpp, line 615]
Event: 239.945 Thread 0x00000174cd454800 Exception <a 'sun/nio/fs/WindowsException'{0x00000000acd5ff90}> (0x00000000acd5ff90) thrown at [./src/hotspot/share/prims/jni.cpp, line 615]
Event: 239.984 Thread 0x00000174cd453000 Exception <a 'sun/nio/fs/WindowsException'{0x00000000ac8e4dd0}> (0x00000000ac8e4dd0) thrown at [./src/hotspot/share/prims/jni.cpp, line 615]
Event: 240.063 Thread 0x00000174cd454800 Exception <a 'sun/nio/fs/WindowsException'{0x00000000ab308218}> (0x00000000ab308218) thrown at [./src/hotspot/share/prims/jni.cpp, line 615]
Event: 240.155 Thread 0x00000174cd44f800 Exception <a 'sun/nio/fs/WindowsException'{0x00000000ad762088}> (0x00000000ad762088) thrown at [./src/hotspot/share/prims/jni.cpp, line 615]
Event: 240.213 Thread 0x00000174cd453000 Exception <a 'sun/nio/fs/WindowsException'{0x00000000ac4bacd0}> (0x00000000ac4bacd0) thrown at [./src/hotspot/share/prims/jni.cpp, line 615]
Event: 240.395 Thread 0x00000174cd44f800 Exception <a 'sun/nio/fs/WindowsException'{0x00000000ad5e6dd0}> (0x00000000ad5e6dd0) thrown at [./src/hotspot/share/prims/jni.cpp, line 615]
Event: 240.627 Thread 0x00000174cd454800 Exception <a 'sun/nio/fs/WindowsException'{0x00000000ad348df0}> (0x00000000ad348df0) thrown at [./src/hotspot/share/prims/jni.cpp, line 615]
Event: 240.989 Thread 0x00000174cd454800 Exception <a 'sun/nio/fs/WindowsException'{0x00000000aaa448a8}> (0x00000000aaa448a8) thrown at [./src/hotspot/share/prims/jni.cpp, line 615]
Event: 245.632 Thread 0x00000174cd454800 Exception <a 'sun/nio/fs/WindowsException'{0x00000000aee18810}> (0x00000000aee18810) thrown at [./src/hotspot/share/prims/jni.cpp, line 615]

Events (20 events):
Event: 241.919 loading class com/android/tools/r8/n/a/a/a/h/E0 done
Event: 241.937 loading class com/android/tools/r8/n/a/a/a/h/e0
Event: 241.937 loading class com/android/tools/r8/n/a/a/a/h/e0 done
Event: 242.185 Executing VM operation: CGC_Operation
Event: 242.946 Executing VM operation: CGC_Operation done
Event: 242.952 Executing VM operation: ICBufferFull
Event: 242.955 Executing VM operation: ICBufferFull done
Event: 242.972 Executing VM operation: ICBufferFull
Event: 242.973 Executing VM operation: ICBufferFull done
Event: 243.166 Executing VM operation: ICBufferFull
Event: 243.180 Executing VM operation: ICBufferFull done
Event: 243.731 Executing VM operation: G1CollectForAllocation
Event: 243.930 Executing VM operation: G1CollectForAllocation done
Event: 244.416 Executing VM operation: CGC_Operation
Event: 244.421 Executing VM operation: CGC_Operation done
Event: 245.150 Executing VM operation: G1CollectForAllocation
Event: 245.176 Executing VM operation: G1CollectForAllocation done
Event: 245.210 Executing VM operation: G1CollectForAllocation
Event: 245.272 Executing VM operation: G1CollectForAllocation done
Event: 245.789 Executing VM operation: G1CollectForAllocation


Dynamic libraries:
0x00007ff7458a0000 - 0x00007ff7458aa000 	C:\Program Files\Android\Android Studio1\jre\bin\java.exe
0x00007ff99f410000 - 0x00007ff99f605000 	C:\WINDOWS\SYSTEM32\ntdll.dll
0x00007ff99dfc0000 - 0x00007ff99e07d000 	C:\WINDOWS\System32\KERNEL32.DLL
0x00007ff99ce80000 - 0x00007ff99d148000 	C:\WINDOWS\System32\KERNELBASE.dll
0x00007ff99cbf0000 - 0x00007ff99ccf0000 	C:\WINDOWS\System32\ucrtbase.dll
0x00007ff9914d0000 - 0x00007ff9914e9000 	C:\Program Files\Android\Android Studio1\jre\bin\jli.dll
0x00007ff991f00000 - 0x00007ff991f17000 	C:\Program Files\Android\Android Studio1\jre\bin\VCRUNTIME140.dll
0x00007ff99dd70000 - 0x00007ff99df10000 	C:\WINDOWS\System32\USER32.dll
0x00007ff99d450000 - 0x00007ff99d472000 	C:\WINDOWS\System32\win32u.dll
0x00007ff98b570000 - 0x00007ff98b80a000 	C:\WINDOWS\WinSxS\amd64_microsoft.windows.common-controls_6595b64144ccf1df_6.0.19041.1052_none_60b8f8fd71f5e8cb\COMCTL32.dll
0x00007ff99e570000 - 0x00007ff99e59a000 	C:\WINDOWS\System32\GDI32.dll
0x00007ff99e360000 - 0x00007ff99e3fe000 	C:\WINDOWS\System32\msvcrt.dll
0x00007ff99d340000 - 0x00007ff99d44b000 	C:\WINDOWS\System32\gdi32full.dll
0x00007ff99cb50000 - 0x00007ff99cbed000 	C:\WINDOWS\System32\msvcp_win.dll
0x00007ff99e100000 - 0x00007ff99e130000 	C:\WINDOWS\System32\IMM32.DLL
0x00007ff9680f0000 - 0x00007ff96818d000 	C:\Program Files\Android\Android Studio1\jre\bin\msvcp140.dll
0x00007ff94f4e0000 - 0x00007ff94ff9c000 	C:\Program Files\Android\Android Studio1\jre\bin\server\jvm.dll
0x00007ff99df10000 - 0x00007ff99dfbc000 	C:\WINDOWS\System32\ADVAPI32.dll
0x00007ff99d580000 - 0x00007ff99d61b000 	C:\WINDOWS\System32\sechost.dll
0x00007ff99e910000 - 0x00007ff99ea3b000 	C:\WINDOWS\System32\RPCRT4.dll
0x00007ff99e5a0000 - 0x00007ff99e5a8000 	C:\WINDOWS\System32\PSAPI.DLL
0x00007ff986ae0000 - 0x00007ff986ae9000 	C:\WINDOWS\SYSTEM32\WSOCK32.dll
0x00007ff98bd20000 - 0x00007ff98bd47000 	C:\WINDOWS\SYSTEM32\WINMM.dll
0x00007ff99f360000 - 0x00007ff99f3cb000 	C:\WINDOWS\System32\WS2_32.dll
0x00007ff9932d0000 - 0x00007ff9932da000 	C:\WINDOWS\SYSTEM32\VERSION.dll
0x00007ff99b470000 - 0x00007ff99b482000 	C:\WINDOWS\SYSTEM32\kernel.appcore.dll
0x00007ff997060000 - 0x00007ff997071000 	C:\Program Files\Android\Android Studio1\jre\bin\verify.dll
0x00007ff99b0f0000 - 0x00007ff99b2d4000 	C:\WINDOWS\SYSTEM32\DBGHELP.DLL
0x00007ff985130000 - 0x00007ff98515c000 	C:\WINDOWS\SYSTEM32\dbgcore.DLL
0x00007ff99d260000 - 0x00007ff99d2e3000 	C:\WINDOWS\System32\bcryptPrimitives.dll
0x00007ff9767d0000 - 0x00007ff9767f9000 	C:\Program Files\Android\Android Studio1\jre\bin\java.dll
0x00007ff998060000 - 0x00007ff99806b000 	C:\Program Files\Android\Android Studio1\jre\bin\jimage.dll
0x00007ff996620000 - 0x00007ff996638000 	C:\Program Files\Android\Android Studio1\jre\bin\zip.dll
0x00007ff99d630000 - 0x00007ff99dd6f000 	C:\WINDOWS\System32\SHELL32.dll
0x00007ff99a890000 - 0x00007ff99b020000 	C:\WINDOWS\SYSTEM32\windows.storage.dll
0x00007ff99e5b0000 - 0x00007ff99e905000 	C:\WINDOWS\System32\combase.dll
0x00007ff99c4f0000 - 0x00007ff99c51c000 	C:\WINDOWS\SYSTEM32\Wldp.dll
0x00007ff99e4c0000 - 0x00007ff99e56e000 	C:\WINDOWS\System32\SHCORE.dll
0x00007ff99e460000 - 0x00007ff99e4b5000 	C:\WINDOWS\System32\shlwapi.dll
0x00007ff99ca90000 - 0x00007ff99caaf000 	C:\WINDOWS\SYSTEM32\profapi.dll
0x00007ff996330000 - 0x00007ff99634a000 	C:\Program Files\Android\Android Studio1\jre\bin\net.dll
0x00007ff98b380000 - 0x00007ff98b48b000 	C:\WINDOWS\SYSTEM32\WINHTTP.dll
0x00007ff99c260000 - 0x00007ff99c2ca000 	C:\WINDOWS\system32\mswsock.dll
0x00007ff992b50000 - 0x00007ff992b64000 	C:\Program Files\Android\Android Studio1\jre\bin\nio.dll
0x00007ff98bbe0000 - 0x00007ff98bc06000 	D:\cuoikiandroid\App-learn-vocabulary-english-android\native\29\windows-amd64\native-platform.dll
0x00007ff995b00000 - 0x00007ff995b0a000 	C:\Program Files\Android\Android Studio1\jre\bin\management.dll
0x00007ff995130000 - 0x00007ff99513c000 	C:\Program Files\Android\Android Studio1\jre\bin\management_ext.dll
0x00007ff99c430000 - 0x00007ff99c448000 	C:\WINDOWS\SYSTEM32\CRYPTSP.dll
0x00007ff99bc00000 - 0x00007ff99bc34000 	C:\WINDOWS\system32\rsaenh.dll
0x00007ff99ce50000 - 0x00007ff99ce77000 	C:\WINDOWS\System32\bcrypt.dll
0x00007ff99ca50000 - 0x00007ff99ca7e000 	C:\WINDOWS\SYSTEM32\USERENV.dll
0x00007ff99c450000 - 0x00007ff99c45c000 	C:\WINDOWS\SYSTEM32\CRYPTBASE.dll
0x00007ff99bf50000 - 0x00007ff99bf8b000 	C:\WINDOWS\SYSTEM32\IPHLPAPI.DLL
0x00007ff99d620000 - 0x00007ff99d628000 	C:\WINDOWS\System32\NSI.dll
0x00007ff99a850000 - 0x00007ff99a867000 	C:\WINDOWS\SYSTEM32\dhcpcsvc6.DLL
0x00007ff99a810000 - 0x00007ff99a82d000 	C:\WINDOWS\SYSTEM32\dhcpcsvc.DLL
0x00007ff99bf90000 - 0x00007ff99c05c000 	C:\WINDOWS\SYSTEM32\DNSAPI.dll
0x00007ff98bb80000 - 0x00007ff98bba7000 	C:\Program Files\Android\Android Studio1\jre\bin\sunec.dll
0x00007ff98b8f0000 - 0x00007ff98b8fa000 	C:\Windows\System32\rasadhlp.dll
0x00007ff98a6e0000 - 0x00007ff98a75f000 	C:\WINDOWS\System32\fwpuclnt.dll
0x00007ff99b890000 - 0x00007ff99b8c3000 	C:\WINDOWS\SYSTEM32\ntmarta.dll
0x00007ff95bc80000 - 0x00007ff95be22000 	C:\Program Files\Android\Android Studio1\jre\bin\awt.dll
0x00007ff99f290000 - 0x00007ff99f35d000 	C:\WINDOWS\System32\OLEAUT32.dll
0x00007ff99a430000 - 0x00007ff99a45f000 	C:\WINDOWS\SYSTEM32\dwmapi.dll
0x00007ff999e80000 - 0x00007ff999f10000 	C:\WINDOWS\SYSTEM32\apphelp.dll
0x00007ff99a060000 - 0x00007ff99a0fe000 	C:\WINDOWS\system32\uxtheme.dll
0x00007ff98b230000 - 0x00007ff98b24e000 	C:\Users\PC\AppData\Local\Temp\native-platform5782139669238911119dir\native-platform.dll
0x00007ff98b960000 - 0x00007ff98b968000 	C:\Program Files\Android\Android Studio1\jre\bin\rmi.dll

dbghelp: loaded successfully - version: 4.0.5 - missing functions: none
symbol engine: initialized successfully - sym options: 0x614 - pdb path: .;C:\Program Files\Android\Android Studio1\jre\bin;C:\WINDOWS\SYSTEM32;C:\WINDOWS\WinSxS\amd64_microsoft.windows.common-controls_6595b64144ccf1df_6.0.19041.1052_none_60b8f8fd71f5e8cb;C:\Program Files\Android\Android Studio1\jre\bin\server;D:\cuoikiandroid\App-learn-vocabulary-english-android\native\29\windows-amd64;C:\Users\PC\AppData\Local\Temp\native-platform5782139669238911119dir

VM Arguments:
jvm_args: --add-opens=java.base/java.util=ALL-UNNAMED --add-opens=java.base/java.lang=ALL-UNNAMED --add-opens=java.base/java.lang.invoke=ALL-UNNAMED --add-opens=java.prefs/java.util.prefs=ALL-UNNAMED -Xmx1536m -Dfile.encoding=windows-1252 -Duser.country=US -Duser.language=en -Duser.variant 
java_command: org.gradle.launcher.daemon.bootstrap.GradleDaemon 5.4.1
java_class_path (initial): D:\cuoikiandroid\App-learn-vocabulary-english-android\wrapper\dists\gradle-5.4.1-all\3221gyojl5jsh0helicew7rwx\gradle-5.4.1\lib\gradle-launcher-5.4.1.jar
Launcher Type: SUN_STANDARD

[Global flags]
     intx CICompilerCount                          = 3                                         {product} {ergonomic}
     uint ConcGCThreads                            = 1                                         {product} {ergonomic}
     uint G1ConcRefinementThreads                  = 4                                         {product} {ergonomic}
   size_t G1HeapRegionSize                         = 1048576                                   {product} {ergonomic}
    uintx GCDrainStackTargetSize                   = 64                                        {product} {ergonomic}
   size_t InitialHeapSize                          = 134217728                                 {product} {ergonomic}
   size_t MarkStackSize                            = 4194304                                   {product} {ergonomic}
   size_t MaxHeapSize                              = 1610612736                                {product} {command line}
   size_t MaxNewSize                               = 965738496                                 {product} {ergonomic}
   size_t MinHeapDeltaBytes                        = 1048576                                   {product} {ergonomic}
    uintx NonNMethodCodeHeapSize                   = 5830732                                {pd product} {ergonomic}
    uintx NonProfiledCodeHeapSize                  = 122913754                              {pd product} {ergonomic}
    uintx ProfiledCodeHeapSize                     = 122913754                              {pd product} {ergonomic}
    uintx ReservedCodeCacheSize                    = 251658240                              {pd product} {ergonomic}
     bool SegmentedCodeCache                       = true                                      {product} {ergonomic}
     bool UseCompressedClassPointers               = true                                 {lp64_product} {ergonomic}
     bool UseCompressedOops                        = true                                 {lp64_product} {ergonomic}
     bool UseG1GC                                  = true                                      {product} {ergonomic}
     bool UseLargePagesIndividualAllocation        = false                                  {pd product} {ergonomic}

Logging:
Log output configuration:
 #0: stdout all=warning uptime,level,tags
 #1: stderr all=off uptime,level,tags

Environment Variables:
JAVA_HOME=C:\Users\PC\Documents\NetBeansProjects\server\jdk-15.0.1
PATH=C:\ProgramData\Oracle\Java\javapath;C:\WINDOWS\system32;C:\WINDOWS;C:\WINDOWS\System32\Wbem;C:\WINDOWS\System32\WindowsPowerShell\v1.0\;C:\WINDOWS\System32\OpenSSH\;C:\Program Files\Microsoft SQL Server\Client SDK\ODBC\170\Tools\Binn\;C:\Program Files (x86)\Microsoft SQL Server\150\Tools\Binn\;C:\Program Files\Microsoft SQL Server\150\Tools\Binn\;C:\Program Files\Microsoft SQL Server\150\DTS\Binn\;C:\Program Files (x86)\Microsoft SQL Server\150\DTS\Binn\;C:\Program Files\dotnet\;C:\Program Files\Microsoft SQL Server\130\Tools\Binn\;C:\Program Files\flutter\bin;C:\Program Files\Git\cmd;C:\Users\PC\AppData\Local\Microsoft\WindowsApps;C:\Users\PC\AppData\Local\Programs\Microsoft VS Code\bin;C:\Users\PC\.dotnet\tools;C:\Program Files\JetBrains\IntelliJ IDEA 2021.1\bin;;C:\Program Files\flutter\bin;
USERNAME=PC
OS=Windows_NT
PROCESSOR_IDENTIFIER=Intel64 Family 6 Model 78 Stepping 3, GenuineIntel



---------------  S Y S T E M  ---------------

OS: Windows 10 , 64 bit Build 19041 (10.0.19041.1023)
OS uptime: 24 days 19:25 hours

CPU:total 4 (initial active 4) (2 cores per cpu, 2 threads per core) family 6 model 78 stepping 3, cmov, cx8, fxsr, mmx, sse, sse2, sse3, ssse3, sse4.1, sse4.2, popcnt, avx, avx2, aes, clmul, erms, rtm, 3dnowpref, lzcnt, ht, tsc, tscinvbit, bmi1, bmi2, adx, fma

Memory: 4k page, system-wide physical 8082M (211M free)
TotalPageFile size 20490M (AvailPageFile size 24M)
current process WorkingSet (physical memory assigned to process): 505M, peak: 505M
current process commit charge ("private bytes"): 786M, peak: 1022M

vm_info: OpenJDK 64-Bit Server VM (11.0.8+10-b944.6842174) for windows-amd64 JRE (11.0.8+10-b944.6842174), built on Sep 19 2020 01:11:42 by "builder" with MS VC++ 14.0 (VS2015)

END.
